<?xml version="1.0" encoding="UTF-8"?>
<robot generator="Robot 4.1 (Python 3.9.6 on win32)" generated="20211202 09:17:05.682" rpa="false" schemaversion="2">
<suite id="s1" name="Job Page" source="E:\ApnaApp\TestCase\Job_Page.robot">
<kw name="Launch Apna App" library="apna_job_page" type="SETUP">
<kw name="Open Application" library="AppiumLibrary">
<arg>${Port_Number}</arg>
<arg>platformName=${Platform_Name}</arg>
<arg>deviceName=${Device_Name}</arg>
<arg>app=${App_Path}</arg>
<arg>noReset=true</arg>
<doc>Opens a new application to given Appium server.
Capabilities of appium server, Android and iOS,
Please check https://github.com/appium/appium/blob/master/docs/en/writing-running-appium/server-args.md
| *Option*            | *Man.* | *Description*     |
| remote_url          | Yes    | Appium server url |
| alias               | no     | alias             |</doc>
<status status="PASS" starttime="20211202 09:17:06.079" endtime="20211202 09:17:26.430"/>
</kw>
<status status="PASS" starttime="20211202 09:17:06.079" endtime="20211202 09:17:26.431"/>
</kw>
<test id="s1-t1" name="Check if user can add selected job type to the list">
<kw name="Click on Change Job Type" library="apna_job_page">
<kw name="Wait for Element on Screen and click Element" library="job_page_common">
<arg>${Change_Job}</arg>
<kw name="Wait Until Page Contains Element" library="AppiumLibrary">
<arg>${element}</arg>
<arg>timeout=20s</arg>
<doc>Waits until element specified with `locator` appears on current page.</doc>
<status status="PASS" starttime="20211202 09:17:26.436" endtime="20211202 09:17:38.836"/>
</kw>
<kw name="Click Element" library="AppiumLibrary">
<arg>${element}</arg>
<doc>Click element identified by `locator`.</doc>
<msg timestamp="20211202 09:17:38.842" level="INFO">Clicking element 'id=category_img'.</msg>
<status status="PASS" starttime="20211202 09:17:38.836" endtime="20211202 09:17:39.460"/>
</kw>
<status status="PASS" starttime="20211202 09:17:26.435" endtime="20211202 09:17:39.461"/>
</kw>
<status status="PASS" starttime="20211202 09:17:26.434" endtime="20211202 09:17:39.461"/>
</kw>
<kw name="Select a job type" library="apna_job_page">
<kw name="Wait for text on Screen" library="job_page_common">
<arg>${job_name}</arg>
<kw name="Wait Until Page Contains" library="AppiumLibrary">
<arg>${text}</arg>
<arg>timeout=20s</arg>
<doc>Waits until `text` appears on current page.</doc>
<status status="PASS" starttime="20211202 09:17:39.464" endtime="20211202 09:17:43.073"/>
</kw>
<status status="PASS" starttime="20211202 09:17:39.463" endtime="20211202 09:17:43.073"/>
</kw>
<status status="PASS" starttime="20211202 09:17:39.462" endtime="20211202 09:17:43.073"/>
</kw>
<kw name="click on add button" library="apna_job_page">
<kw name="Click Element" library="AppiumLibrary">
<arg>${Add_Job}</arg>
<doc>Click element identified by `locator`.</doc>
<msg timestamp="20211202 09:17:43.080" level="INFO">Clicking element 'xpath=//android.view.ViewGroup[@index="5"]//android.widget.TextView[@text="ADD"]'.</msg>
<status status="PASS" starttime="20211202 09:17:43.075" endtime="20211202 09:17:43.818"/>
</kw>
<kw name="Element Should Contain Text" library="AppiumLibrary">
<arg>${Telecaller}</arg>
<arg>${Telecaller_name}</arg>
<arg>timeout=20s</arg>
<doc>Verifies element identified by ``locator`` contains text ``expected``.</doc>
<msg timestamp="20211202 09:17:43.827" level="INFO">Verifying element 'xpath=//android.view.ViewGroup[@index="1"]//android.widget.TextView[@text="Telecaller / Bpo"]' contains text 'Telecaller / Bpo'.</msg>
<status status="PASS" starttime="20211202 09:17:43.818" endtime="20211202 09:17:44.707"/>
</kw>
<kw name="Click Element" library="AppiumLibrary">
<arg>${Back}</arg>
<doc>Click element identified by `locator`.</doc>
<msg timestamp="20211202 09:17:44.713" level="INFO">Clicking element 'xpath=//android.widget.ImageButton[@index="0"]'.</msg>
<status status="PASS" starttime="20211202 09:17:44.707" endtime="20211202 09:17:45.080"/>
</kw>
<kw name="Wait for text on Screen" library="job_page_common">
<arg>${job_type}</arg>
<kw name="Wait Until Page Contains" library="AppiumLibrary">
<arg>${text}</arg>
<arg>timeout=20s</arg>
<doc>Waits until `text` appears on current page.</doc>
<status status="PASS" starttime="20211202 09:17:45.082" endtime="20211202 09:17:50.530"/>
</kw>
<status status="PASS" starttime="20211202 09:17:45.081" endtime="20211202 09:17:50.530"/>
</kw>
<kw name="Element Should Contain Text" library="AppiumLibrary">
<arg>${Telecaller_Delete}</arg>
<arg>${Telecaller_name}</arg>
<arg>timeout=20s</arg>
<doc>Verifies element identified by ``locator`` contains text ``expected``.</doc>
<msg timestamp="20211202 09:17:50.534" level="INFO">Verifying element 'xpath=//android.view.ViewGroup[@index="3"]//android.widget.TextView[@text="Telecaller / Bpo"]' contains text 'Telecaller / Bpo'.</msg>
<status status="PASS" starttime="20211202 09:17:50.530" endtime="20211202 09:17:50.974"/>
</kw>
<status status="PASS" starttime="20211202 09:17:43.074" endtime="20211202 09:17:50.975"/>
</kw>
<status status="PASS" starttime="20211202 09:17:26.431" endtime="20211202 09:17:50.975"/>
</test>
<test id="s1-t2" name="Check if user can delete the Selected Job type from the list">
<kw name="Select job type" library="apna_job_page">
<kw name="Wait for text on Screen" library="job_page_common">
<arg>${job_type}</arg>
<kw name="Wait Until Page Contains" library="AppiumLibrary">
<arg>${text}</arg>
<arg>timeout=20s</arg>
<doc>Waits until `text` appears on current page.</doc>
<status status="PASS" starttime="20211202 09:17:50.981" endtime="20211202 09:17:51.868"/>
</kw>
<status status="PASS" starttime="20211202 09:17:50.980" endtime="20211202 09:17:51.868"/>
</kw>
<kw name="Wait for Element on Screen and click Element" library="job_page_common">
<arg>${Change_Job}</arg>
<kw name="Wait Until Page Contains Element" library="AppiumLibrary">
<arg>${element}</arg>
<arg>timeout=20s</arg>
<doc>Waits until element specified with `locator` appears on current page.</doc>
<status status="PASS" starttime="20211202 09:17:51.870" endtime="20211202 09:17:52.016"/>
</kw>
<kw name="Click Element" library="AppiumLibrary">
<arg>${element}</arg>
<doc>Click element identified by `locator`.</doc>
<msg timestamp="20211202 09:17:52.021" level="INFO">Clicking element 'id=category_img'.</msg>
<status status="PASS" starttime="20211202 09:17:52.016" endtime="20211202 09:17:52.212"/>
</kw>
<status status="PASS" starttime="20211202 09:17:51.869" endtime="20211202 09:17:52.213"/>
</kw>
<kw name="Wait for text on Screen" library="job_page_common">
<arg>${job_name}</arg>
<kw name="Wait Until Page Contains" library="AppiumLibrary">
<arg>${text}</arg>
<arg>timeout=20s</arg>
<doc>Waits until `text` appears on current page.</doc>
<status status="PASS" starttime="20211202 09:17:52.214" endtime="20211202 09:17:55.170"/>
</kw>
<status status="PASS" starttime="20211202 09:17:52.213" endtime="20211202 09:17:55.170"/>
</kw>
<status status="PASS" starttime="20211202 09:17:50.979" endtime="20211202 09:17:55.170"/>
</kw>
<kw name="click on delete" library="apna_job_page">
<kw name="Element Should Contain Text" library="AppiumLibrary">
<arg>${Telecaller}</arg>
<arg>${Telecaller_name}</arg>
<arg>timeout=20s</arg>
<doc>Verifies element identified by ``locator`` contains text ``expected``.</doc>
<msg timestamp="20211202 09:17:55.177" level="INFO">Verifying element 'xpath=//android.view.ViewGroup[@index="1"]//android.widget.TextView[@text="Telecaller / Bpo"]' contains text 'Telecaller / Bpo'.</msg>
<status status="PASS" starttime="20211202 09:17:55.172" endtime="20211202 09:17:55.490"/>
</kw>
<kw name="Click Element" library="AppiumLibrary">
<arg>${remove}</arg>
<doc>Click element identified by `locator`.</doc>
<msg timestamp="20211202 09:17:55.493" level="INFO">Clicking element 'xpath=//android.view.ViewGroup[@index="1"]//android.widget.TextView[@text="REMOVE"]'.</msg>
<status status="PASS" starttime="20211202 09:17:55.490" endtime="20211202 09:17:55.868"/>
</kw>
<kw name="Wait Until Page Contains Element" library="AppiumLibrary">
<arg>${Telecaller_Add}</arg>
<arg>timeout=20s</arg>
<doc>Waits until element specified with `locator` appears on current page.</doc>
<status status="PASS" starttime="20211202 09:17:55.868" endtime="20211202 09:17:56.964"/>
</kw>
<kw name="Page Should Contain Element" library="AppiumLibrary">
<arg>${Telecaller_Add}</arg>
<doc>Verifies that current page contains `locator` element.</doc>
<msg timestamp="20211202 09:17:57.113" level="INFO">Current page contains element 'xpath=//android.view.ViewGroup[@index="1"]//android.widget.TextView[@text="ADD"]'.</msg>
<status status="PASS" starttime="20211202 09:17:56.965" endtime="20211202 09:17:57.114"/>
</kw>
<kw name="Click Element" library="AppiumLibrary">
<arg>${Back}</arg>
<doc>Click element identified by `locator`.</doc>
<msg timestamp="20211202 09:17:57.117" level="INFO">Clicking element 'xpath=//android.widget.ImageButton[@index="0"]'.</msg>
<status status="PASS" starttime="20211202 09:17:57.114" endtime="20211202 09:17:57.292"/>
</kw>
<kw name="Wait for text on Screen" library="job_page_common">
<arg>${job_type}</arg>
<kw name="Wait Until Page Contains" library="AppiumLibrary">
<arg>${text}</arg>
<arg>timeout=20s</arg>
<doc>Waits until `text` appears on current page.</doc>
<status status="PASS" starttime="20211202 09:17:57.293" endtime="20211202 09:18:02.489"/>
</kw>
<status status="PASS" starttime="20211202 09:17:57.292" endtime="20211202 09:18:02.490"/>
</kw>
<kw name="Page Should Not Contain Element" library="AppiumLibrary">
<arg>${Telecaller_Element}</arg>
<doc>Verifies that current page not contains `locator` element.</doc>
<msg timestamp="20211202 09:18:02.705" level="INFO">Current page not contains element 'xpath=//android.view.ViewGroup[@index="3"]'.</msg>
<status status="PASS" starttime="20211202 09:18:02.490" endtime="20211202 09:18:02.705"/>
</kw>
<status status="PASS" starttime="20211202 09:17:55.171" endtime="20211202 09:18:02.705"/>
</kw>
<status status="PASS" starttime="20211202 09:17:50.978" endtime="20211202 09:18:02.706"/>
</test>
<test id="s1-t3" name="Check if user can delete all the Selected Job type">
<kw name="Select a particular job" library="apna_job_page">
<kw name="Wait for text on Screen" library="job_page_common">
<arg>${job_type}</arg>
<kw name="Wait Until Page Contains" library="AppiumLibrary">
<arg>${text}</arg>
<arg>timeout=20s</arg>
<doc>Waits until `text` appears on current page.</doc>
<status status="PASS" starttime="20211202 09:18:02.711" endtime="20211202 09:18:03.417"/>
</kw>
<status status="PASS" starttime="20211202 09:18:02.710" endtime="20211202 09:18:03.418"/>
</kw>
<kw name="Wait for Element on Screen and click Element" library="job_page_common">
<arg>${Change_Job}</arg>
<kw name="Wait Until Page Contains Element" library="AppiumLibrary">
<arg>${element}</arg>
<arg>timeout=20s</arg>
<doc>Waits until element specified with `locator` appears on current page.</doc>
<status status="PASS" starttime="20211202 09:18:03.419" endtime="20211202 09:18:03.552"/>
</kw>
<kw name="Click Element" library="AppiumLibrary">
<arg>${element}</arg>
<doc>Click element identified by `locator`.</doc>
<msg timestamp="20211202 09:18:03.558" level="INFO">Clicking element 'id=category_img'.</msg>
<status status="PASS" starttime="20211202 09:18:03.552" endtime="20211202 09:18:03.744"/>
</kw>
<status status="PASS" starttime="20211202 09:18:03.418" endtime="20211202 09:18:03.745"/>
</kw>
<kw name="Wait for text on Screen" library="job_page_common">
<arg>${job_name}</arg>
<kw name="Wait Until Page Contains" library="AppiumLibrary">
<arg>${text}</arg>
<arg>timeout=20s</arg>
<doc>Waits until `text` appears on current page.</doc>
<status status="PASS" starttime="20211202 09:18:03.746" endtime="20211202 09:18:06.131"/>
</kw>
<status status="PASS" starttime="20211202 09:18:03.745" endtime="20211202 09:18:06.131"/>
</kw>
<status status="PASS" starttime="20211202 09:18:02.710" endtime="20211202 09:18:06.131"/>
</kw>
<kw name="Click Delete" library="apna_job_page">
<kw name="Click Element" library="AppiumLibrary">
<arg>${remove_account}</arg>
<doc>Click element identified by `locator`.</doc>
<msg timestamp="20211202 09:18:06.137" level="INFO">Clicking element 'xpath=//android.view.ViewGroup[@index="0"]//android.widget.TextView[@text="REMOVE"]'.</msg>
<status status="PASS" starttime="20211202 09:18:06.133" endtime="20211202 09:18:07.267"/>
</kw>
<kw name="Wait Until Page Contains Element" library="AppiumLibrary">
<arg>${message}</arg>
<arg>timeout=20s</arg>
<doc>Waits until element specified with `locator` appears on current page.</doc>
<status status="PASS" starttime="20211202 09:18:07.267" endtime="20211202 09:18:07.351"/>
</kw>
<kw name="Get Text" library="AppiumLibrary">
<var>${text}</var>
<arg>${message}</arg>
<doc>Get element text (for hybrid and mobile browser use `xpath` locator, others might cause problem)</doc>
<msg timestamp="20211202 09:18:07.458" level="INFO">Element 'id=tv_select_atleast_one' text is 'Add at least 1 job type' </msg>
<msg timestamp="20211202 09:18:07.458" level="INFO">${text} = Add at least 1 job type</msg>
<status status="PASS" starttime="20211202 09:18:07.352" endtime="20211202 09:18:07.458"/>
</kw>
<kw name="Log To Console" library="BuiltIn">
<arg>${text}</arg>
<doc>Logs the given message to the console.</doc>
<status status="PASS" starttime="20211202 09:18:07.458" endtime="20211202 09:18:07.459"/>
</kw>
<kw name="Element Should Contain Text" library="AppiumLibrary">
<arg>${message}</arg>
<arg>${DeleteAll_text}</arg>
<arg>timeout=20s</arg>
<doc>Verifies element identified by ``locator`` contains text ``expected``.</doc>
<msg timestamp="20211202 09:18:07.466" level="INFO">Verifying element 'id=tv_select_atleast_one' contains text 'Add at least 1 job type'.</msg>
<status status="PASS" starttime="20211202 09:18:07.460" endtime="20211202 09:18:07.592"/>
</kw>
<kw name="Click Element" library="AppiumLibrary">
<arg>${add_account}</arg>
<doc>Click element identified by `locator`.</doc>
<msg timestamp="20211202 09:18:07.597" level="INFO">Clicking element 'xpath=//android.view.ViewGroup[@index="0"]//android.widget.TextView[@text="ADD"]'.</msg>
<status status="PASS" starttime="20211202 09:18:07.593" endtime="20211202 09:18:07.833"/>
</kw>
<kw name="Click Element" library="AppiumLibrary">
<arg>${Back}</arg>
<doc>Click element identified by `locator`.</doc>
<msg timestamp="20211202 09:18:07.841" level="INFO">Clicking element 'xpath=//android.widget.ImageButton[@index="0"]'.</msg>
<status status="PASS" starttime="20211202 09:18:07.834" endtime="20211202 09:18:08.569"/>
</kw>
<status status="PASS" starttime="20211202 09:18:06.132" endtime="20211202 09:18:08.570"/>
</kw>
<status status="PASS" starttime="20211202 09:18:02.708" endtime="20211202 09:18:08.571"/>
</test>
<test id="s1-t4" name="Check the functionality of search field">
<kw name="Click on search field and apply for job" library="apna_job_page">
<kw name="Wait for text on Screen" library="job_page_common">
<arg>${job_type}</arg>
<kw name="Wait Until Page Contains" library="AppiumLibrary">
<arg>${text}</arg>
<arg>timeout=20s</arg>
<doc>Waits until `text` appears on current page.</doc>
<status status="PASS" starttime="20211202 09:18:08.575" endtime="20211202 09:18:13.188"/>
</kw>
<status status="PASS" starttime="20211202 09:18:08.574" endtime="20211202 09:18:13.190"/>
</kw>
<kw name="Click Element" library="AppiumLibrary">
<arg>${search_feild}</arg>
<doc>Click element identified by `locator`.</doc>
<msg timestamp="20211202 09:18:13.199" level="INFO">Clicking element 'id=etSearchJobs'.</msg>
<status status="PASS" starttime="20211202 09:18:13.192" endtime="20211202 09:18:13.408"/>
</kw>
<kw name="Wait for text on Screen" library="job_page_common">
<arg>${search_name}</arg>
<kw name="Wait Until Page Contains" library="AppiumLibrary">
<arg>${text}</arg>
<arg>timeout=20s</arg>
<doc>Waits until `text` appears on current page.</doc>
<status status="PASS" starttime="20211202 09:18:13.409" endtime="20211202 09:18:14.341"/>
</kw>
<status status="PASS" starttime="20211202 09:18:13.408" endtime="20211202 09:18:14.343"/>
</kw>
<kw name="Input Text" library="AppiumLibrary">
<arg>${search_input}</arg>
<arg>${cook}</arg>
<doc>Types the given `text` into text field identified by `locator`.</doc>
<msg timestamp="20211202 09:18:14.351" level="INFO">Typing text 'cook/chef' into text field 'id=etSearch'</msg>
<status status="PASS" starttime="20211202 09:18:14.343" endtime="20211202 09:18:16.275"/>
</kw>
<kw name="Wait for text on Screen and click Text" library="job_page_common">
<arg>${search_default}</arg>
<kw name="Wait Until Page Contains" library="AppiumLibrary">
<arg>${text}</arg>
<arg>timeout=20s</arg>
<doc>Waits until `text` appears on current page.</doc>
<status status="PASS" starttime="20211202 09:18:16.277" endtime="20211202 09:18:16.610"/>
</kw>
<kw name="Click Text" library="AppiumLibrary">
<arg>${text}</arg>
<doc>Click text identified by ``text``.</doc>
<status status="PASS" starttime="20211202 09:18:16.610" endtime="20211202 09:18:18.606"/>
</kw>
<status status="PASS" starttime="20211202 09:18:16.275" endtime="20211202 09:18:18.606"/>
</kw>
<kw name="Wait Until Page Contains Element" library="AppiumLibrary">
<arg>${job_title}</arg>
<arg>timeout=20s</arg>
<doc>Waits until element specified with `locator` appears on current page.</doc>
<status status="PASS" starttime="20211202 09:18:18.606" endtime="20211202 09:18:21.054"/>
</kw>
<kw name="Element Should Contain Text" library="AppiumLibrary">
<arg>${job_title}</arg>
<arg>${job_title_name}</arg>
<arg>timeout=20s</arg>
<doc>Verifies element identified by ``locator`` contains text ``expected``.</doc>
<msg timestamp="20211202 09:18:21.060" level="INFO">Verifying element 'id=tvJobTitle' contains text 'Cook / Chef'.</msg>
<status status="PASS" starttime="20211202 09:18:21.054" endtime="20211202 09:18:21.589"/>
</kw>
<kw name="Click Element" library="AppiumLibrary">
<arg>${back_button}</arg>
<doc>Click element identified by `locator`.</doc>
<msg timestamp="20211202 09:18:21.595" level="INFO">Clicking element 'id=iv_back'.</msg>
<status status="PASS" starttime="20211202 09:18:21.589" endtime="20211202 09:18:21.716"/>
</kw>
<kw name="Wait for text on Screen" library="job_page_common">
<arg>${search_default}</arg>
<kw name="Wait Until Page Contains" library="AppiumLibrary">
<arg>${text}</arg>
<arg>timeout=20s</arg>
<doc>Waits until `text` appears on current page.</doc>
<status status="PASS" starttime="20211202 09:18:21.718" endtime="20211202 09:18:22.883"/>
</kw>
<status status="PASS" starttime="20211202 09:18:21.716" endtime="20211202 09:18:22.883"/>
</kw>
<kw name="Click Element" library="AppiumLibrary">
<arg>${back_button}</arg>
<doc>Click element identified by `locator`.</doc>
<msg timestamp="20211202 09:18:22.889" level="INFO">Clicking element 'id=iv_back'.</msg>
<status status="PASS" starttime="20211202 09:18:22.883" endtime="20211202 09:18:22.961"/>
</kw>
<status status="PASS" starttime="20211202 09:18:08.574" endtime="20211202 09:18:22.961"/>
</kw>
<status status="PASS" starttime="20211202 09:18:08.572" endtime="20211202 09:18:22.962"/>
</test>
<status status="PASS" starttime="20211202 09:17:05.685" endtime="20211202 09:18:22.965"/>
</suite>
<statistics>
<total>
<stat pass="4" fail="0" skip="0">All Tests</stat>
</total>
<tag>
</tag>
<suite>
<stat pass="4" fail="0" skip="0" id="s1" name="Job Page">Job Page</stat>
</suite>
</statistics>
<errors>
</errors>
</robot>
