<?xml version="1.0" encoding="UTF-8"?>
<robot generator="Robot 4.1 (Python 3.9.6 on win32)" generated="20211206 12:08:58.585" rpa="false" schemaversion="2">
<suite id="s1" name="Job Page" source="E:\ApnaApp\TestCase\Job_Page.robot">
<kw name="Launch Apna App" library="apna_job_page" type="SETUP">
<kw name="Open Application" library="AppiumLibrary">
<arg>${Port_Number}</arg>
<arg>platformName=${Platform_Name}</arg>
<arg>deviceName=${Device_Name}</arg>
<arg>app=${App_Path}</arg>
<arg>noReset=true</arg>
<doc>Opens a new application to given Appium server.
Capabilities of appium server, Android and iOS,
Please check https://github.com/appium/appium/blob/master/docs/en/writing-running-appium/server-args.md
| *Option*            | *Man.* | *Description*     |
| remote_url          | Yes    | Appium server url |
| alias               | no     | alias             |</doc>
<status status="PASS" starttime="20211206 12:09:04.205" endtime="20211206 12:09:37.957"/>
</kw>
<status status="PASS" starttime="20211206 12:09:04.204" endtime="20211206 12:09:37.958"/>
</kw>
<test id="s1-t1" name="Check the functionality of search field">
<kw name="Click on search field and apply for job" library="apna_job_page">
<kw name="Wait for text on Screen" library="job_page_common">
<arg>${job_type}</arg>
<kw name="Wait Until Page Contains" library="AppiumLibrary">
<arg>${text}</arg>
<arg>timeout=20s</arg>
<doc>Waits until `text` appears on current page.</doc>
<status status="PASS" starttime="20211206 12:09:37.962" endtime="20211206 12:09:55.317"/>
</kw>
<status status="PASS" starttime="20211206 12:09:37.960" endtime="20211206 12:09:55.317"/>
</kw>
<kw name="Click Element" library="AppiumLibrary">
<arg>${search_feild}</arg>
<doc>Click element identified by `locator`.</doc>
<msg timestamp="20211206 12:09:55.324" level="INFO">Clicking element 'id=etSearchJobs'.</msg>
<status status="PASS" starttime="20211206 12:09:55.318" endtime="20211206 12:09:55.793"/>
</kw>
<kw name="Wait for text on Screen" library="job_page_common">
<arg>${search_name}</arg>
<kw name="Wait Until Page Contains" library="AppiumLibrary">
<arg>${text}</arg>
<arg>timeout=20s</arg>
<doc>Waits until `text` appears on current page.</doc>
<status status="PASS" starttime="20211206 12:09:55.794" endtime="20211206 12:09:57.246"/>
</kw>
<status status="PASS" starttime="20211206 12:09:55.793" endtime="20211206 12:09:57.246"/>
</kw>
<kw name="Input Text" library="AppiumLibrary">
<arg>${search_input}</arg>
<arg>${cook}</arg>
<doc>Types the given `text` into text field identified by `locator`.</doc>
<msg timestamp="20211206 12:09:57.252" level="INFO">Typing text 'cook/chef' into text field 'id=etSearch'</msg>
<status status="PASS" starttime="20211206 12:09:57.247" endtime="20211206 12:09:58.951"/>
</kw>
<kw name="Wait for text on Screen and click Text" library="job_page_common">
<arg>${search_default}</arg>
<kw name="Wait Until Page Contains" library="AppiumLibrary">
<arg>${text}</arg>
<arg>timeout=20s</arg>
<doc>Waits until `text` appears on current page.</doc>
<status status="PASS" starttime="20211206 12:09:58.952" endtime="20211206 12:09:59.143"/>
</kw>
<kw name="Click Text" library="AppiumLibrary">
<arg>${text}</arg>
<doc>Click text identified by ``text``.</doc>
<status status="PASS" starttime="20211206 12:09:59.143" endtime="20211206 12:10:04.241"/>
</kw>
<status status="PASS" starttime="20211206 12:09:58.951" endtime="20211206 12:10:04.242"/>
</kw>
<kw name="Wait Until Page Contains Element" library="AppiumLibrary">
<arg>${job_title}</arg>
<arg>timeout=20s</arg>
<doc>Waits until element specified with `locator` appears on current page.</doc>
<status status="PASS" starttime="20211206 12:10:04.243" endtime="20211206 12:10:06.470"/>
</kw>
<kw name="Element Should Contain Text" library="AppiumLibrary">
<arg>${job_title}</arg>
<arg>${job_title_name}</arg>
<arg>timeout=20s</arg>
<doc>Verifies element identified by ``locator`` contains text ``expected``.</doc>
<msg timestamp="20211206 12:10:06.477" level="INFO">Verifying element 'id=tvJobTitle' contains text 'Cook / Chef'.</msg>
<status status="PASS" starttime="20211206 12:10:06.471" endtime="20211206 12:10:06.946"/>
</kw>
<kw name="Element Should Contain Text" library="AppiumLibrary">
<arg>${viewed}</arg>
<arg>${view}</arg>
<doc>Verifies element identified by ``locator`` contains text ``expected``.</doc>
<msg timestamp="20211206 12:10:06.953" level="INFO">Verifying element 'id=tvStatus' contains text 'VIEWED'.</msg>
<status status="PASS" starttime="20211206 12:10:06.946" endtime="20211206 12:10:07.171"/>
</kw>
<kw name="Click Element" library="AppiumLibrary">
<arg>${back_button}</arg>
<doc>Click element identified by `locator`.</doc>
<msg timestamp="20211206 12:10:07.179" level="INFO">Clicking element 'id=iv_back'.</msg>
<status status="PASS" starttime="20211206 12:10:07.172" endtime="20211206 12:10:07.420"/>
</kw>
<kw name="Wait for text on Screen" library="job_page_common">
<arg>${search_default}</arg>
<kw name="Wait Until Page Contains" library="AppiumLibrary">
<arg>${text}</arg>
<arg>timeout=20s</arg>
<doc>Waits until `text` appears on current page.</doc>
<status status="PASS" starttime="20211206 12:10:07.422" endtime="20211206 12:10:08.374"/>
</kw>
<status status="PASS" starttime="20211206 12:10:07.421" endtime="20211206 12:10:08.375"/>
</kw>
<kw name="Click Element" library="AppiumLibrary">
<arg>${back_button}</arg>
<doc>Click element identified by `locator`.</doc>
<msg timestamp="20211206 12:10:08.379" level="INFO">Clicking element 'id=iv_back'.</msg>
<status status="PASS" starttime="20211206 12:10:08.375" endtime="20211206 12:10:08.786"/>
</kw>
<status status="PASS" starttime="20211206 12:09:37.960" endtime="20211206 12:10:08.787"/>
</kw>
<tag>Smoke</tag>
<status status="PASS" starttime="20211206 12:09:37.958" endtime="20211206 12:10:08.789"/>
</test>
<test id="s1-t2" name="Change the Job type to work from home and apply for job">
<kw name="Click on work from home" library="apna_job_page">
<kw name="Wait for text on Screen" library="job_page_common">
<arg>${job_type}</arg>
<kw name="Wait Until Page Contains" library="AppiumLibrary">
<arg>${text}</arg>
<arg>timeout=20s</arg>
<doc>Waits until `text` appears on current page.</doc>
<status status="PASS" starttime="20211206 12:10:08.816" endtime="20211206 12:10:10.797"/>
</kw>
<status status="PASS" starttime="20211206 12:10:08.815" endtime="20211206 12:10:10.797"/>
</kw>
<kw name="Click Element" library="AppiumLibrary">
<arg>${work}</arg>
<doc>Click element identified by `locator`.</doc>
<msg timestamp="20211206 12:10:10.805" level="INFO">Clicking element 'id=chip_filter_wfh'.</msg>
<status status="PASS" starttime="20211206 12:10:10.797" endtime="20211206 12:10:11.140"/>
</kw>
<status status="PASS" starttime="20211206 12:10:08.812" endtime="20211206 12:10:11.141"/>
</kw>
<kw name="verify work from home jobs are displayed" library="apna_job_page">
<kw name="Wait for text on Screen" library="job_page_common">
<arg>${job_type}</arg>
<kw name="Wait Until Page Contains" library="AppiumLibrary">
<arg>${text}</arg>
<arg>timeout=20s</arg>
<doc>Waits until `text` appears on current page.</doc>
<status status="PASS" starttime="20211206 12:10:11.147" endtime="20211206 12:10:16.558"/>
</kw>
<status status="PASS" starttime="20211206 12:10:11.145" endtime="20211206 12:10:16.558"/>
</kw>
<kw name="Swipe By Percent" library="AppiumLibrary">
<arg>50</arg>
<arg>35</arg>
<arg>50</arg>
<arg>5</arg>
<doc>Swipe from one percent of the screen to another percent, for an optional duration.
Normal swipe fails to scale for different screen resolutions, this can be avoided using percent.</doc>
<status status="PASS" starttime="20211206 12:10:16.559" endtime="20211206 12:10:18.492"/>
</kw>
<kw name="Wait Until Page Contains Element" library="AppiumLibrary">
<arg>${home}</arg>
<arg>timeout=20s</arg>
<doc>Waits until element specified with `locator` appears on current page.</doc>
<status status="PASS" starttime="20211206 12:10:18.492" endtime="20211206 12:10:18.671"/>
</kw>
<kw name="Page Should Contain Element" library="AppiumLibrary">
<arg>${home}</arg>
<doc>Verifies that current page contains `locator` element.</doc>
<msg timestamp="20211206 12:10:18.850" level="INFO">Current page contains element 'id=iv_wfh'.</msg>
<status status="PASS" starttime="20211206 12:10:18.671" endtime="20211206 12:10:18.850"/>
</kw>
<kw name="Click Element" library="AppiumLibrary">
<arg>${All}</arg>
<doc>Click element identified by `locator`.</doc>
<msg timestamp="20211206 12:10:18.856" level="INFO">Clicking element 'id=chip_filter_all'.</msg>
<status status="PASS" starttime="20211206 12:10:18.850" endtime="20211206 12:10:19.046"/>
</kw>
<status status="PASS" starttime="20211206 12:10:11.144" endtime="20211206 12:10:19.046"/>
</kw>
<tag>Smoke</tag>
<status status="PASS" starttime="20211206 12:10:08.808" endtime="20211206 12:10:19.048"/>
</test>
<test id="s1-t3" name="Check if user can view all the available jobs by clicking view all">
<kw name="Click on view all jobs" library="apna_job_page">
<kw name="Wait for text on Screen" library="job_page_common">
<arg>${apna_jobs}</arg>
<kw name="Wait Until Page Contains" library="AppiumLibrary">
<arg>${text}</arg>
<arg>timeout=20s</arg>
<doc>Waits until `text` appears on current page.</doc>
<status status="PASS" starttime="20211206 12:10:19.056" endtime="20211206 12:10:19.815"/>
</kw>
<status status="PASS" starttime="20211206 12:10:19.055" endtime="20211206 12:10:19.816"/>
</kw>
<kw name="Swipe By Percent" library="AppiumLibrary">
<arg>50</arg>
<arg>45</arg>
<arg>50</arg>
<arg>5</arg>
<doc>Swipe from one percent of the screen to another percent, for an optional duration.
Normal swipe fails to scale for different screen resolutions, this can be avoided using percent.</doc>
<status status="PASS" starttime="20211206 12:10:19.818" endtime="20211206 12:10:22.451"/>
</kw>
<kw name="Click Element" library="AppiumLibrary">
<arg>${view_all}</arg>
<doc>Click element identified by `locator`.</doc>
<msg timestamp="20211206 12:10:22.459" level="INFO">Clicking element 'xpath=//android.widget.LinearLayout[@index="3"]//android.widget.TextView[@text="View All"]'.</msg>
<status status="PASS" starttime="20211206 12:10:22.451" endtime="20211206 12:10:23.265"/>
</kw>
<status status="PASS" starttime="20211206 12:10:19.052" endtime="20211206 12:10:23.266"/>
</kw>
<kw name="select part time jobs" library="apna_job_page">
<kw name="Wait for text on Screen and click Text" library="job_page_common">
<arg>${part_time}</arg>
<kw name="Wait Until Page Contains" library="AppiumLibrary">
<arg>${text}</arg>
<arg>timeout=20s</arg>
<doc>Waits until `text` appears on current page.</doc>
<status status="PASS" starttime="20211206 12:10:23.268" endtime="20211206 12:10:26.025"/>
</kw>
<kw name="Click Text" library="AppiumLibrary">
<arg>${text}</arg>
<doc>Click text identified by ``text``.</doc>
<status status="PASS" starttime="20211206 12:10:26.025" endtime="20211206 12:10:26.227"/>
</kw>
<status status="PASS" starttime="20211206 12:10:23.267" endtime="20211206 12:10:26.227"/>
</kw>
<kw name="Wait for text on Screen" library="job_page_common">
<arg>${part_time_text}</arg>
<kw name="Wait Until Page Contains" library="AppiumLibrary">
<arg>${text}</arg>
<arg>timeout=20s</arg>
<doc>Waits until `text` appears on current page.</doc>
<status status="PASS" starttime="20211206 12:10:26.229" endtime="20211206 12:10:27.496"/>
</kw>
<status status="PASS" starttime="20211206 12:10:26.228" endtime="20211206 12:10:27.497"/>
</kw>
<kw name="Element Should Contain Text" library="AppiumLibrary">
<arg>${part_time_ID}</arg>
<arg>${part_time_text}</arg>
<arg>timeout=20s</arg>
<doc>Verifies element identified by ``locator`` contains text ``expected``.</doc>
<msg timestamp="20211206 12:10:27.501" level="INFO">Verifying element 'id=tvNoData' contains text 'There are no jobs available for the filters you have selected. Please try changing filters'.</msg>
<status status="PASS" starttime="20211206 12:10:27.497" endtime="20211206 12:10:27.552"/>
</kw>
<kw name="Click Element" library="AppiumLibrary">
<arg>${job_back}</arg>
<doc>Click element identified by `locator`.</doc>
<msg timestamp="20211206 12:10:27.557" level="INFO">Clicking element 'id=back'.</msg>
<status status="PASS" starttime="20211206 12:10:27.553" endtime="20211206 12:10:27.630"/>
</kw>
<status status="PASS" starttime="20211206 12:10:23.267" endtime="20211206 12:10:27.630"/>
</kw>
<tag>Smoke</tag>
<status status="PASS" starttime="20211206 12:10:19.050" endtime="20211206 12:10:27.632"/>
</test>
<status status="PASS" starttime="20211206 12:08:58.654" endtime="20211206 12:10:27.635"/>
</suite>
<statistics>
<total>
<stat pass="3" fail="0" skip="0">All Tests</stat>
</total>
<tag>
<stat pass="3" fail="0" skip="0">Smoke</stat>
</tag>
<suite>
<stat pass="3" fail="0" skip="0" id="s1" name="Job Page">Job Page</stat>
</suite>
</statistics>
<errors>
</errors>
</robot>
