<?xml version="1.0" encoding="UTF-8"?>
<robot generator="Robot 4.1 (Python 3.9.6 on win32)" generated="20211206 13:29:19.368" rpa="false" schemaversion="2">
<suite id="s1" name="Job Page" source="E:\ApnaApp\TestCase\Job_Page.robot">
<kw name="Launch Apna App" library="apna_job_page" type="SETUP">
<kw name="Open Application" library="AppiumLibrary">
<arg>${Port_Number}</arg>
<arg>platformName=${Platform_Name}</arg>
<arg>deviceName=${Device_Name}</arg>
<arg>app=${App_Path}</arg>
<arg>noReset=true</arg>
<doc>Opens a new application to given Appium server.
Capabilities of appium server, Android and iOS,
Please check https://github.com/appium/appium/blob/master/docs/en/writing-running-appium/server-args.md
| *Option*            | *Man.* | *Description*     |
| remote_url          | Yes    | Appium server url |
| alias               | no     | alias             |</doc>
<status status="PASS" starttime="20211206 13:29:19.850" endtime="20211206 13:29:41.745"/>
</kw>
<status status="PASS" starttime="20211206 13:29:19.849" endtime="20211206 13:29:41.746"/>
</kw>
<test id="s1-t1" name="Check if jobs are available by changing the location">
<kw name="Click on Change location" library="apna_job_page">
<kw name="Wait for text on Screen" library="job_page_common">
<arg>${job_type}</arg>
<kw name="Wait Until Page Contains" library="AppiumLibrary">
<arg>${text}</arg>
<arg>timeout=20s</arg>
<doc>Waits until `text` appears on current page.</doc>
<status status="PASS" starttime="20211206 13:29:41.751" endtime="20211206 13:29:56.849"/>
</kw>
<status status="PASS" starttime="20211206 13:29:41.750" endtime="20211206 13:29:56.849"/>
</kw>
<kw name="Click Element" library="AppiumLibrary">
<arg>${location_change}</arg>
<doc>Click element identified by `locator`.</doc>
<msg timestamp="20211206 13:29:56.860" level="INFO">Clicking element 'id=tv_location_area'.</msg>
<status status="PASS" starttime="20211206 13:29:56.850" endtime="20211206 13:29:57.111"/>
</kw>
<kw name="Wait Until Page Contains Element" library="AppiumLibrary">
<arg>${Search_Location}</arg>
<arg>timeout=20s</arg>
<doc>Waits until element specified with `locator` appears on current page.</doc>
<status status="PASS" starttime="20211206 13:29:57.112" endtime="20211206 13:30:00.344"/>
</kw>
<kw name="Input Text" library="AppiumLibrary">
<arg>${Search_Location}</arg>
<arg>${Location_Name}</arg>
<doc>Types the given `text` into text field identified by `locator`.</doc>
<msg timestamp="20211206 13:30:00.353" level="INFO">Typing text 'Jayanag' into text field 'id=act_select_location_etSearchLocation'</msg>
<status status="PASS" starttime="20211206 13:30:00.345" endtime="20211206 13:30:01.968"/>
</kw>
<kw name="Wait for text on Screen and click Text" library="job_page_common">
<arg>${Location_Jayanagar}</arg>
<kw name="Wait Until Page Contains" library="AppiumLibrary">
<arg>${text}</arg>
<arg>timeout=20s</arg>
<doc>Waits until `text` appears on current page.</doc>
<status status="PASS" starttime="20211206 13:30:01.970" endtime="20211206 13:30:02.838"/>
</kw>
<kw name="Click Text" library="AppiumLibrary">
<arg>${text}</arg>
<doc>Click text identified by ``text``.</doc>
<status status="PASS" starttime="20211206 13:30:02.839" endtime="20211206 13:30:03.504"/>
</kw>
<status status="PASS" starttime="20211206 13:30:01.969" endtime="20211206 13:30:03.505"/>
</kw>
<status status="PASS" starttime="20211206 13:29:41.749" endtime="20211206 13:30:03.505"/>
</kw>
<kw name="Search jobs" library="apna_job_page">
<kw name="Wait for text on Screen" library="job_page_common">
<arg>${job_type}</arg>
<kw name="Wait Until Page Contains" library="AppiumLibrary">
<arg>${text}</arg>
<arg>timeout=20s</arg>
<doc>Waits until `text` appears on current page.</doc>
<status status="PASS" starttime="20211206 13:30:03.509" endtime="20211206 13:30:07.564"/>
</kw>
<status status="PASS" starttime="20211206 13:30:03.508" endtime="20211206 13:30:07.564"/>
</kw>
<kw name="Click Text" library="AppiumLibrary">
<arg>${part_time}</arg>
<doc>Click text identified by ``text``.</doc>
<status status="PASS" starttime="20211206 13:30:07.565" endtime="20211206 13:30:08.030"/>
</kw>
<kw name="Wait Until Page Contains Element" library="AppiumLibrary">
<arg>${Trending}</arg>
<arg>timeout=20s</arg>
<doc>Waits until element specified with `locator` appears on current page.</doc>
<status status="PASS" starttime="20211206 13:30:08.031" endtime="20211206 13:30:12.166"/>
</kw>
<kw name="Page Should Contain Text" library="AppiumLibrary">
<arg>${No_jobs}</arg>
<doc>Verifies that current page contains `text`.</doc>
<msg timestamp="20211206 13:30:13.336" level="INFO">Current page contains text 'Jobs are not available in your selected job types. Please check similar jobs.'.</msg>
<status status="PASS" starttime="20211206 13:30:12.166" endtime="20211206 13:30:13.336"/>
</kw>
<kw name="Click Element" library="AppiumLibrary">
<arg>${Night_Shift}</arg>
<doc>Click element identified by `locator`.</doc>
<msg timestamp="20211206 13:30:13.345" level="INFO">Clicking element 'id=chip_filter_night_shift'.</msg>
<status status="PASS" starttime="20211206 13:30:13.336" endtime="20211206 13:30:13.555"/>
</kw>
<kw name="Wait Until Page Contains Element" library="AppiumLibrary">
<arg>${Trending}</arg>
<arg>timeout=20s</arg>
<doc>Waits until element specified with `locator` appears on current page.</doc>
<status status="PASS" starttime="20211206 13:30:13.556" endtime="20211206 13:30:17.060"/>
</kw>
<kw name="Page Should Contain Text" library="AppiumLibrary">
<arg>${No_jobs}</arg>
<doc>Verifies that current page contains `text`.</doc>
<msg timestamp="20211206 13:30:18.856" level="INFO">Current page contains text 'Jobs are not available in your selected job types. Please check similar jobs.'.</msg>
<status status="PASS" starttime="20211206 13:30:17.060" endtime="20211206 13:30:18.857"/>
</kw>
<kw name="Click Element" library="AppiumLibrary">
<arg>${location_change}</arg>
<doc>Click element identified by `locator`.</doc>
<msg timestamp="20211206 13:30:18.866" level="INFO">Clicking element 'id=tv_location_area'.</msg>
<status status="PASS" starttime="20211206 13:30:18.857" endtime="20211206 13:30:19.035"/>
</kw>
<kw name="Wait Until Page Contains Element" library="AppiumLibrary">
<arg>${Search_Location}</arg>
<arg>timeout=20s</arg>
<doc>Waits until element specified with `locator` appears on current page.</doc>
<status status="PASS" starttime="20211206 13:30:19.035" endtime="20211206 13:30:21.597"/>
</kw>
<kw name="Input Text" library="AppiumLibrary">
<arg>${Search_Location}</arg>
<arg>${Location_Name1}</arg>
<doc>Types the given `text` into text field identified by `locator`.</doc>
<msg timestamp="20211206 13:30:21.605" level="INFO">Typing text 'Giri Na' into text field 'id=act_select_location_etSearchLocation'</msg>
<status status="PASS" starttime="20211206 13:30:21.597" endtime="20211206 13:30:22.706"/>
</kw>
<kw name="Wait for text on Screen and click Text" library="job_page_common">
<arg>${Location_Giri}</arg>
<kw name="Wait Until Page Contains" library="AppiumLibrary">
<arg>${text}</arg>
<arg>timeout=20s</arg>
<doc>Waits until `text` appears on current page.</doc>
<status status="PASS" starttime="20211206 13:30:22.708" endtime="20211206 13:30:23.871"/>
</kw>
<kw name="Click Text" library="AppiumLibrary">
<arg>${text}</arg>
<doc>Click text identified by ``text``.</doc>
<status status="PASS" starttime="20211206 13:30:23.871" endtime="20211206 13:30:26.244"/>
</kw>
<status status="PASS" starttime="20211206 13:30:22.706" endtime="20211206 13:30:26.245"/>
</kw>
<kw name="Wait for text on Screen" library="job_page_common">
<arg>${job_type}</arg>
<kw name="Wait Until Page Contains" library="AppiumLibrary">
<arg>${text}</arg>
<arg>timeout=20s</arg>
<doc>Waits until `text` appears on current page.</doc>
<status status="PASS" starttime="20211206 13:30:26.246" endtime="20211206 13:30:28.762"/>
</kw>
<status status="PASS" starttime="20211206 13:30:26.245" endtime="20211206 13:30:28.762"/>
</kw>
<status status="PASS" starttime="20211206 13:30:03.507" endtime="20211206 13:30:28.762"/>
</kw>
<tag>Smoke</tag>
<status status="PASS" starttime="20211206 13:29:41.746" endtime="20211206 13:30:28.764"/>
</test>
<status status="PASS" starttime="20211206 13:29:19.370" endtime="20211206 13:30:28.767"/>
</suite>
<statistics>
<total>
<stat pass="1" fail="0" skip="0">All Tests</stat>
</total>
<tag>
<stat pass="1" fail="0" skip="0">Smoke</stat>
</tag>
<suite>
<stat pass="1" fail="0" skip="0" id="s1" name="Job Page">Job Page</stat>
</suite>
</statistics>
<errors>
</errors>
</robot>
