<?xml version="1.0" encoding="UTF-8"?>
<robot generator="Robot 4.1 (Python 3.9.6 on win32)" generated="20211126 16:14:17.646" rpa="false" schemaversion="2">
<suite id="s1" name="Login" source="E:\ApnaApp\TestCase\Login.robot">
<kw name="Launch Apna App" library="apna_user_login" type="SETUP">
<kw name="Open Application" library="AppiumLibrary">
<arg>${Port_Number}</arg>
<arg>platformName=${Platform_Name}</arg>
<arg>deviceName=${Device_Name}</arg>
<arg>app=${App_Path}</arg>
<doc>Opens a new application to given Appium server.
Capabilities of appium server, Android and iOS,
Please check https://github.com/appium/appium/blob/master/docs/en/writing-running-appium/server-args.md
| *Option*            | *Man.* | *Description*     |
| remote_url          | Yes    | Appium server url |
| alias               | no     | alias             |</doc>
<status status="PASS" starttime="20211126 16:14:18.106" endtime="20211126 16:14:38.499"/>
</kw>
<status status="PASS" starttime="20211126 16:14:18.106" endtime="20211126 16:14:38.502"/>
</kw>
<test id="s1-t1" name="User Login through Mobile">
<kw name="Enter Mobile Number" library="apna_user_login">
<kw name="Wait for text on Screen and click Text" library="common">
<arg>${Select_None}</arg>
<kw name="Wait Until Page Contains" library="AppiumLibrary">
<arg>${text}</arg>
<arg>timeout=20s</arg>
<doc>Waits until `text` appears on current page.</doc>
<status status="PASS" starttime="20211126 16:14:38.508" endtime="20211126 16:14:42.268"/>
</kw>
<kw name="Click Text" library="AppiumLibrary">
<arg>${text}</arg>
<doc>Click text identified by ``text``.</doc>
<status status="PASS" starttime="20211126 16:14:42.268" endtime="20211126 16:14:43.482"/>
</kw>
<status status="PASS" starttime="20211126 16:14:38.506" endtime="20211126 16:14:43.483"/>
</kw>
<kw name="Wait for text on Screen" library="common">
<arg>${Mobile_Text}</arg>
<kw name="Wait Until Page Contains" library="AppiumLibrary">
<arg>${text}</arg>
<arg>timeout=20s</arg>
<doc>Waits until `text` appears on current page.</doc>
<status status="PASS" starttime="20211126 16:14:43.486" endtime="20211126 16:14:45.632"/>
</kw>
<status status="PASS" starttime="20211126 16:14:43.483" endtime="20211126 16:14:45.633"/>
</kw>
<kw name="Input Value" library="AppiumLibrary">
<arg>${Mobile_Field}</arg>
<arg>${Mobile_number}</arg>
<doc>Sets the given value into text field identified by `locator`. This is an IOS only keyword, input value makes use of set_value</doc>
<msg timestamp="20211126 16:14:45.643" level="INFO">Setting text '8886786200' into text field 'id=et_login_number'</msg>
<status status="PASS" starttime="20211126 16:14:45.633" endtime="20211126 16:14:46.588"/>
</kw>
<kw name="Click Element" library="AppiumLibrary">
<arg>${Go_Button}</arg>
<doc>Click element identified by `locator`.</doc>
<msg timestamp="20211126 16:14:46.597" level="INFO">Clicking element 'id=btn_send'.</msg>
<status status="PASS" starttime="20211126 16:14:46.588" endtime="20211126 16:14:47.208"/>
</kw>
<status status="PASS" starttime="20211126 16:14:38.505" endtime="20211126 16:14:47.208"/>
</kw>
<kw name="Enter OTP Number" library="apna_user_login">
<kw name="Wait for text on Screen" library="common">
<arg>${OTP_Text}</arg>
<kw name="Wait Until Page Contains" library="AppiumLibrary">
<arg>${text}</arg>
<arg>timeout=20s</arg>
<doc>Waits until `text` appears on current page.</doc>
<status status="PASS" starttime="20211126 16:14:47.213" endtime="20211126 16:14:50.817"/>
</kw>
<status status="PASS" starttime="20211126 16:14:47.212" endtime="20211126 16:14:50.817"/>
</kw>
<kw name="Input Text and Enter OTP" library="common">
<arg>${OTP_Field1}</arg>
<arg>3</arg>
<arg>${OTP_Field_2}</arg>
<arg>5</arg>
<arg>${OTP_Field__3}</arg>
<arg>6</arg>
<arg>${OTP_Field___4}</arg>
<arg>3</arg>
<kw name="Input Text" library="AppiumLibrary">
<arg>${number}</arg>
<arg>${OTP}</arg>
<doc>Types the given `text` into text field identified by `locator`.</doc>
<msg timestamp="20211126 16:14:50.823" level="INFO">Typing text '3' into text field 'id=et_otp1'</msg>
<status status="PASS" starttime="20211126 16:14:50.819" endtime="20211126 16:14:51.744"/>
</kw>
<kw name="Input Text" library="AppiumLibrary">
<arg>${number1}</arg>
<arg>${OTP1}</arg>
<doc>Types the given `text` into text field identified by `locator`.</doc>
<msg timestamp="20211126 16:14:51.752" level="INFO">Typing text '5' into text field 'id=et_otp2'</msg>
<status status="PASS" starttime="20211126 16:14:51.744" endtime="20211126 16:14:52.824"/>
</kw>
<kw name="Input Text" library="AppiumLibrary">
<arg>${number2}</arg>
<arg>${OTP2}</arg>
<doc>Types the given `text` into text field identified by `locator`.</doc>
<msg timestamp="20211126 16:14:52.829" level="INFO">Typing text '6' into text field 'id=et_otp3'</msg>
<status status="PASS" starttime="20211126 16:14:52.825" endtime="20211126 16:14:53.749"/>
</kw>
<kw name="Input Text" library="AppiumLibrary">
<arg>${number3}</arg>
<arg>${OTP3}</arg>
<doc>Types the given `text` into text field identified by `locator`.</doc>
<msg timestamp="20211126 16:14:53.758" level="INFO">Typing text '3' into text field 'id=et_otp4'</msg>
<status status="PASS" starttime="20211126 16:14:53.749" endtime="20211126 16:14:54.819"/>
</kw>
<status status="PASS" starttime="20211126 16:14:50.818" endtime="20211126 16:14:54.820"/>
</kw>
<status status="PASS" starttime="20211126 16:14:47.211" endtime="20211126 16:14:54.820"/>
</kw>
<doc>Allows User to Login in Through Valid Mobile Number</doc>
<status status="PASS" starttime="20211126 16:14:38.502" endtime="20211126 16:14:54.823"/>
</test>
<test id="s1-t2" name="User Choose Language">
<kw name="Select English and click Next" library="apna_user_login">
<kw name="Wait for text on Screen and click Text" library="common">
<arg>${English}</arg>
<kw name="Wait Until Page Contains" library="AppiumLibrary">
<arg>${text}</arg>
<arg>timeout=20s</arg>
<doc>Waits until `text` appears on current page.</doc>
<status status="PASS" starttime="20211126 16:14:54.829" endtime="20211126 16:15:11.527"/>
</kw>
<kw name="Click Text" library="AppiumLibrary">
<arg>${text}</arg>
<doc>Click text identified by ``text``.</doc>
<status status="PASS" starttime="20211126 16:15:11.527" endtime="20211126 16:15:11.851"/>
</kw>
<status status="PASS" starttime="20211126 16:14:54.828" endtime="20211126 16:15:11.851"/>
</kw>
<kw name="Wait for Element to be Enabled" library="common">
<arg>${Next_Button}</arg>
<kw name="Element Should Be Enabled" library="AppiumLibrary">
<arg>${element}</arg>
<arg>timeout=20s</arg>
<doc>Verifies that element identified with locator is enabled.</doc>
<msg timestamp="20211126 16:15:12.675" level="INFO">Element 'id=btn_continue' is enabled .</msg>
<status status="PASS" starttime="20211126 16:15:11.852" endtime="20211126 16:15:12.676"/>
</kw>
<status status="PASS" starttime="20211126 16:15:11.851" endtime="20211126 16:15:12.676"/>
</kw>
<kw name="Wait for Element to be Visible" library="common">
<arg>${Next_Button}</arg>
<kw name="Wait Until Element Is Visible" library="AppiumLibrary">
<arg>${element}</arg>
<arg>timeout=20s</arg>
<doc>Waits until element specified with `locator` is visible.</doc>
<status status="PASS" starttime="20211126 16:15:12.678" endtime="20211126 16:15:12.826"/>
</kw>
<status status="PASS" starttime="20211126 16:15:12.677" endtime="20211126 16:15:12.826"/>
</kw>
<kw name="Click Text" library="AppiumLibrary">
<arg>${Next}</arg>
<doc>Click text identified by ``text``.</doc>
<status status="PASS" starttime="20211126 16:15:12.827" endtime="20211126 16:15:13.277"/>
</kw>
<kw name="Log Source" library="AppiumLibrary">
<doc>Logs and returns the entire html source of the current page or frame.</doc>
<msg timestamp="20211126 16:15:14.486" level="INFO">&lt;?xml version='1.0' encoding='UTF-8' standalone='yes' ?&gt;
&lt;hierarchy index="0" class="hierarchy" rotation="0" width="1080" height="2088"&gt;
  &lt;android.widget.FrameLayout index="0" package="com.apnatime.debug" class="android.widget.FrameLayout" text="" checkable="false" checked="false" clickable="false" enabled="true" focusable="false" focused="false" long-clickable="false" password="false" scrollable="false" selected="false" bounds="[0,0][1080,2088]" displayed="true"&gt;
    &lt;android.widget.LinearLayout index="0" package="com.apnatime.debug" class="android.widget.LinearLayout" text="" checkable="false" checked="false" clickable="false" enabled="true" focusable="false" focused="false" long-clickable="false" password="false" scrollable="false" selected="false" bounds="[0,0][1080,2088]" displayed="true"&gt;
      &lt;android.widget.FrameLayout index="0" package="com.apnatime.debug" class="android.widget.FrameLayout" text="" checkable="false" checked="false" clickable="false" enabled="true" focusable="false" focused="false" long-clickable="false" password="false" scrollable="false" selected="false" bounds="[0,66][1080,2088]" displayed="true" /&gt;
    &lt;/android.widget.LinearLayout&gt;
  &lt;/android.widget.FrameLayout&gt;
&lt;/hierarchy&gt;</msg>
<status status="PASS" starttime="20211126 16:15:13.277" endtime="20211126 16:15:14.487"/>
</kw>
<kw name="Wait for text on Screen and click Text" library="common">
<arg>${Lets_go}</arg>
<kw name="Wait Until Page Contains" library="AppiumLibrary">
<arg>${text}</arg>
<arg>timeout=20s</arg>
<doc>Waits until `text` appears on current page.</doc>
<status status="PASS" starttime="20211126 16:15:14.489" endtime="20211126 16:15:16.943"/>
</kw>
<kw name="Click Text" library="AppiumLibrary">
<arg>${text}</arg>
<doc>Click text identified by ``text``.</doc>
<status status="PASS" starttime="20211126 16:15:16.943" endtime="20211126 16:15:17.190"/>
</kw>
<status status="PASS" starttime="20211126 16:15:14.487" endtime="20211126 16:15:17.190"/>
</kw>
<status status="PASS" starttime="20211126 16:14:54.827" endtime="20211126 16:15:17.191"/>
</kw>
<doc>Allows User to Select from list of languages</doc>
<status status="PASS" starttime="20211126 16:14:54.826" endtime="20211126 16:15:17.192"/>
</test>
<test id="s1-t3" name="User Visiting Card">
<kw name="Enter User Name" library="apna_user_login">
<kw name="Wait for text on Screen" library="common">
<arg>${Next}</arg>
<kw name="Wait Until Page Contains" library="AppiumLibrary">
<arg>${text}</arg>
<arg>timeout=20s</arg>
<doc>Waits until `text` appears on current page.</doc>
<status status="PASS" starttime="20211126 16:15:17.199" endtime="20211126 16:15:21.380"/>
</kw>
<status status="PASS" starttime="20211126 16:15:17.198" endtime="20211126 16:15:21.380"/>
</kw>
<kw name="Input Text" library="AppiumLibrary">
<arg>${Name_Feild}</arg>
<arg>${Name}</arg>
<doc>Types the given `text` into text field identified by `locator`.</doc>
<msg timestamp="20211126 16:15:21.395" level="INFO">Typing text 'Akshatha' into text field 'id=act_profile_info_et_full_name'</msg>
<status status="PASS" starttime="20211126 16:15:21.382" endtime="20211126 16:15:22.322"/>
</kw>
<kw name="Hide Keyboard" library="AppiumLibrary">
<doc>Hides the software keyboard on the device. (optional) In iOS, use `key_name` to press
a particular key, ex. `Done`. In Android, no parameters are used.</doc>
<status status="PASS" starttime="20211126 16:15:22.323" endtime="20211126 16:15:22.882"/>
</kw>
<status status="PASS" starttime="20211126 16:15:17.197" endtime="20211126 16:15:22.882"/>
</kw>
<kw name="Enter User Job City" library="apna_user_login">
<kw name="Click Element" library="AppiumLibrary">
<arg>${Job_City}</arg>
<doc>Click element identified by `locator`.</doc>
<msg timestamp="20211126 16:15:22.890" level="INFO">Clicking element 'id=act_profile_info_et_city'.</msg>
<status status="PASS" starttime="20211126 16:15:22.883" endtime="20211126 16:15:23.020"/>
</kw>
<kw name="Wait for text on Screen" library="common">
<arg>${Select_Job_City}</arg>
<kw name="Wait Until Page Contains" library="AppiumLibrary">
<arg>${text}</arg>
<arg>timeout=20s</arg>
<doc>Waits until `text` appears on current page.</doc>
<status status="PASS" starttime="20211126 16:15:23.021" endtime="20211126 16:15:26.969"/>
</kw>
<status status="PASS" starttime="20211126 16:15:23.020" endtime="20211126 16:15:26.969"/>
</kw>
<kw name="Input Text" library="AppiumLibrary">
<arg>${Search_Job_City}</arg>
<arg>${Input_City}</arg>
<doc>Types the given `text` into text field identified by `locator`.</doc>
<msg timestamp="20211126 16:15:26.975" level="INFO">Typing text 'ben' into text field 'id=search_src_text'</msg>
<status status="PASS" starttime="20211126 16:15:26.969" endtime="20211126 16:15:28.074"/>
</kw>
<kw name="Wait for text on Screen and click Text" library="common">
<arg>${City_Name}</arg>
<kw name="Wait Until Page Contains" library="AppiumLibrary">
<arg>${text}</arg>
<arg>timeout=20s</arg>
<doc>Waits until `text` appears on current page.</doc>
<status status="PASS" starttime="20211126 16:15:28.075" endtime="20211126 16:15:29.091"/>
</kw>
<kw name="Click Text" library="AppiumLibrary">
<arg>${text}</arg>
<doc>Click text identified by ``text``.</doc>
<status status="PASS" starttime="20211126 16:15:29.091" endtime="20211126 16:15:29.198"/>
</kw>
<status status="PASS" starttime="20211126 16:15:28.074" endtime="20211126 16:15:29.199"/>
</kw>
<kw name="Wait for text on Screen and click Text" library="common">
<arg>${apna}</arg>
<kw name="Wait Until Page Contains" library="AppiumLibrary">
<arg>${text}</arg>
<arg>timeout=20s</arg>
<doc>Waits until `text` appears on current page.</doc>
<status status="PASS" starttime="20211126 16:15:29.200" endtime="20211126 16:15:29.980"/>
</kw>
<kw name="Click Text" library="AppiumLibrary">
<arg>${text}</arg>
<doc>Click text identified by ``text``.</doc>
<status status="PASS" starttime="20211126 16:15:29.980" endtime="20211126 16:15:32.202"/>
</kw>
<status status="PASS" starttime="20211126 16:15:29.199" endtime="20211126 16:15:32.203"/>
</kw>
<kw name="Wait for text on Screen" library="common">
<arg>${Next}</arg>
<kw name="Wait Until Page Contains" library="AppiumLibrary">
<arg>${text}</arg>
<arg>timeout=20s</arg>
<doc>Waits until `text` appears on current page.</doc>
<status status="PASS" starttime="20211126 16:15:32.203" endtime="20211126 16:15:32.427"/>
</kw>
<status status="PASS" starttime="20211126 16:15:32.203" endtime="20211126 16:15:32.428"/>
</kw>
<status status="PASS" starttime="20211126 16:15:22.883" endtime="20211126 16:15:32.428"/>
</kw>
<kw name="Enter User Job Location" library="apna_user_login">
<kw name="Click Element" library="AppiumLibrary">
<arg>${Job_Location}</arg>
<doc>Click element identified by `locator`.</doc>
<msg timestamp="20211126 16:15:32.438" level="INFO">Clicking element 'id=act_profile_info_et_location'.</msg>
<status status="PASS" starttime="20211126 16:15:32.429" endtime="20211126 16:15:32.549"/>
</kw>
<kw name="Wait for text on Screen" library="common">
<arg>${Set_Location}</arg>
<kw name="Wait Until Page Contains" library="AppiumLibrary">
<arg>${text}</arg>
<arg>timeout=20s</arg>
<doc>Waits until `text` appears on current page.</doc>
<status status="PASS" starttime="20211126 16:15:32.551" endtime="20211126 16:15:35.008"/>
</kw>
<status status="PASS" starttime="20211126 16:15:32.550" endtime="20211126 16:15:35.008"/>
</kw>
<kw name="Input Text" library="AppiumLibrary">
<arg>${Search_Location}</arg>
<arg>${Location_Name}</arg>
<doc>Types the given `text` into text field identified by `locator`.</doc>
<msg timestamp="20211126 16:15:35.025" level="INFO">Typing text 'Giri' into text field 'id=act_select_location_etSearchLocation'</msg>
<status status="PASS" starttime="20211126 16:15:35.009" endtime="20211126 16:15:37.231"/>
</kw>
<kw name="Wait for text on Screen and click Text" library="common">
<arg>${Full_Location}</arg>
<kw name="Wait Until Page Contains" library="AppiumLibrary">
<arg>${text}</arg>
<arg>timeout=20s</arg>
<doc>Waits until `text` appears on current page.</doc>
<status status="PASS" starttime="20211126 16:15:37.236" endtime="20211126 16:15:39.242"/>
</kw>
<kw name="Click Text" library="AppiumLibrary">
<arg>${text}</arg>
<doc>Click text identified by ``text``.</doc>
<status status="PASS" starttime="20211126 16:15:39.243" endtime="20211126 16:15:40.660"/>
</kw>
<status status="PASS" starttime="20211126 16:15:37.232" endtime="20211126 16:15:40.661"/>
</kw>
<kw name="Wait for text on Screen and click Text" library="common">
<arg>${apna}</arg>
<kw name="Wait Until Page Contains" library="AppiumLibrary">
<arg>${text}</arg>
<arg>timeout=20s</arg>
<doc>Waits until `text` appears on current page.</doc>
<status status="PASS" starttime="20211126 16:15:40.662" endtime="20211126 16:15:40.945"/>
</kw>
<kw name="Click Text" library="AppiumLibrary">
<arg>${text}</arg>
<doc>Click text identified by ``text``.</doc>
<status status="PASS" starttime="20211126 16:15:40.946" endtime="20211126 16:15:41.173"/>
</kw>
<status status="PASS" starttime="20211126 16:15:40.661" endtime="20211126 16:15:41.173"/>
</kw>
<status status="PASS" starttime="20211126 16:15:32.428" endtime="20211126 16:15:41.174"/>
</kw>
<kw name="User Select Gender" library="apna_user_login">
<kw name="Click Element" library="AppiumLibrary">
<arg>${Select_Female}</arg>
<doc>Click element identified by `locator`.</doc>
<msg timestamp="20211126 16:15:41.185" level="INFO">Clicking element 'id=btn_gender_female'.</msg>
<status status="PASS" starttime="20211126 16:15:41.177" endtime="20211126 16:15:41.686"/>
</kw>
<status status="PASS" starttime="20211126 16:15:41.176" endtime="20211126 16:15:41.686"/>
</kw>
<kw name="Click on Next" library="apna_user_login">
<kw name="Wait for Element to be Enabled" library="common">
<arg>${Next_Button1}</arg>
<kw name="Element Should Be Enabled" library="AppiumLibrary">
<arg>${element}</arg>
<arg>timeout=20s</arg>
<doc>Verifies that element identified with locator is enabled.</doc>
<msg timestamp="20211126 16:15:42.347" level="INFO">Element 'id=act_profile_info_btn_continue' is enabled .</msg>
<status status="PASS" starttime="20211126 16:15:41.689" endtime="20211126 16:15:42.347"/>
</kw>
<status status="PASS" starttime="20211126 16:15:41.688" endtime="20211126 16:15:42.348"/>
</kw>
<kw name="Is Keyboard Shown" library="AppiumLibrary">
<doc>Return true if Android keyboard is displayed or False if not displayed
No parameters are used.</doc>
<status status="PASS" starttime="20211126 16:15:42.348" endtime="20211126 16:15:42.561"/>
</kw>
<kw name="Wait for Element to be Visible" library="common">
<arg>${Next_Button1}</arg>
<kw name="Wait Until Element Is Visible" library="AppiumLibrary">
<arg>${element}</arg>
<arg>timeout=20s</arg>
<doc>Waits until element specified with `locator` is visible.</doc>
<status status="PASS" starttime="20211126 16:15:42.563" endtime="20211126 16:15:42.678"/>
</kw>
<status status="PASS" starttime="20211126 16:15:42.561" endtime="20211126 16:15:42.678"/>
</kw>
<kw name="Click Text" library="AppiumLibrary">
<arg>${Next}</arg>
<doc>Click text identified by ``text``.</doc>
<status status="PASS" starttime="20211126 16:15:42.678" endtime="20211126 16:15:42.881"/>
</kw>
<status status="PASS" starttime="20211126 16:15:41.687" endtime="20211126 16:15:42.882"/>
</kw>
<doc>Allows User to enter Personal Details</doc>
<status status="PASS" starttime="20211126 16:15:17.196" endtime="20211126 16:15:42.904"/>
</test>
<test id="s1-t4" name="Experience Details">
<kw name="Select Work Experience" library="apna_user_login">
<kw name="Wait for Element on Screen and click Element" library="common">
<arg>${No_Work_Experience}</arg>
<kw name="Wait Until Page Contains Element" library="AppiumLibrary">
<arg>${element}</arg>
<arg>timeout=20s</arg>
<doc>Waits until element specified with `locator` appears on current page.</doc>
<status status="PASS" starttime="20211126 16:15:42.923" endtime="20211126 16:15:46.966"/>
</kw>
<kw name="Click Element" library="AppiumLibrary">
<arg>${element}</arg>
<doc>Click element identified by `locator`.</doc>
<msg timestamp="20211126 16:15:46.979" level="INFO">Clicking element 'id=act_education_btn_fresher'.</msg>
<status status="PASS" starttime="20211126 16:15:46.966" endtime="20211126 16:15:47.708"/>
</kw>
<status status="PASS" starttime="20211126 16:15:42.922" endtime="20211126 16:15:47.709"/>
</kw>
<kw name="Click Text" library="AppiumLibrary">
<arg>${Next}</arg>
<doc>Click text identified by ``text``.</doc>
<status status="PASS" starttime="20211126 16:15:47.709" endtime="20211126 16:15:47.855"/>
</kw>
<status status="PASS" starttime="20211126 16:15:42.921" endtime="20211126 16:15:47.856"/>
</kw>
<doc>Allows User to select work experience</doc>
<status status="PASS" starttime="20211126 16:15:42.913" endtime="20211126 16:15:47.860"/>
</test>
<test id="s1-t5" name="User Education Details">
<kw name="User Enters Highest Qualification" library="apna_user_login">
<kw name="Wait for Element on Screen and click Element" library="common">
<arg>${Education_Details}</arg>
<kw name="Wait Until Page Contains Element" library="AppiumLibrary">
<arg>${element}</arg>
<arg>timeout=20s</arg>
<doc>Waits until element specified with `locator` appears on current page.</doc>
<status status="PASS" starttime="20211126 16:15:47.904" endtime="20211126 16:15:52.130"/>
</kw>
<kw name="Click Element" library="AppiumLibrary">
<arg>${element}</arg>
<doc>Click element identified by `locator`.</doc>
<msg timestamp="20211126 16:15:52.136" level="INFO">Clicking element 'id=et_education'.</msg>
<status status="PASS" starttime="20211126 16:15:52.130" endtime="20211126 16:15:52.813"/>
</kw>
<status status="PASS" starttime="20211126 16:15:47.891" endtime="20211126 16:15:52.813"/>
</kw>
<kw name="Log Source" library="AppiumLibrary">
<doc>Logs and returns the entire html source of the current page or frame.</doc>
<msg timestamp="20211126 16:15:53.417" level="INFO">&lt;?xml version='1.0' encoding='UTF-8' standalone='yes' ?&gt;
&lt;hierarchy index="0" class="hierarchy" rotation="0" width="1080" height="2088"&gt;
  &lt;android.widget.FrameLayout index="0" package="com.apnatime.debug" class="android.widget.FrameLayout" text="" checkable="false" checked="false" clickable="false" enabled="true" focusable="false" focused="false" long-clickable="false" password="false" scrollable="false" selected="false" bounds="[0,0][1080,2088]" displayed="true"&gt;
    &lt;android.widget.LinearLayout index="0" package="com.apnatime.debug" class="android.widget.LinearLayout" text="" checkable="false" checked="false" clickable="false" enabled="true" focusable="false" focused="false" long-clickable="false" password="false" scrollable="false" selected="false" bounds="[0,0][1080,2088]" displayed="true"&gt;
      &lt;android.widget.FrameLayout index="0" package="com.apnatime.debug" class="android.widget.FrameLayout" text="" checkable="false" checked="false" clickable="false" enabled="true" focusable="false" focused="false" long-clickable="false" password="false" scrollable="false" selected="false" bounds="[0,66][1080,2088]" displayed="true"&gt;
        &lt;android.view.ViewGroup index="0" package="com.apnatime.debug" class="android.view.ViewGroup" text="" resource-id="com.apnatime.debug:id/decor_content_parent" checkable="false" checked="false" clickable="false" enabled="true" focusable="false" focused="false" long-clickable="false" password="false" scrollable="false" selected="false" bounds="[0,66][1080,2088]" displayed="true"&gt;
          &lt;android.widget.FrameLayout index="0" package="com.apnatime.debug" class="android.widget.FrameLayout" text="" resource-id="com.apnatime.debug:id/action_bar_container" checkable="false" checked="false" clickable="false" enabled="true" focusable="false" focused="false" long-clickable="false" password="false" scrollable="false" selected="false" bounds="[0,66][1080,220]" displayed="true"&gt;
            &lt;android.view.ViewGroup index="0" package="com.apnatime.debug" class="android.view.ViewGroup" text="" resource-id="com.apnatime.debug:id/action_bar" checkable="false" checked="false" clickable="false" enabled="true" focusable="false" focused="false" long-clickable="false" password="false" scrollable="false" selected="false" bounds="[0,66][1080,220]" displayed="true"&gt;
              &lt;android.widget.ImageButton index="0" package="com.apnatime.debug" class="android.widget.ImageButton" text="" content-desc="Navigate up" checkable="false" checked="false" clickable="true" enabled="true" focusable="true" focused="false" long-clickable="false" password="false" scrollable="false" selected="false" bounds="[0,66][154,220]" displayed="true" /&gt;
              &lt;android.widget.TextView index="1" package="com.apnatime.debug" class="android.widget.TextView" text="apna" checkable="false" checked="false" clickable="false" enabled="true" focusable="false" focused="false" long-clickable="false" password="false" scrollable="false" selected="false" bounds="[198,91][347,194]" displayed="true" /&gt;
            &lt;/android.view.ViewGroup&gt;
          &lt;/android.widget.FrameLayout&gt;
          &lt;android.widget.FrameLayout index="1" package="com.apnatime.debug" class="android.widget.FrameLayout" text="" resource-id="android:id/content" checkable="false" checked="false" clickable="false" enabled="true" focusable="false" focused="false" long-clickable="false" password="false" scrollable="false" selected="false" bounds="[0,220][1080,2088]" displayed="true"&gt;
            &lt;android.view.ViewGroup index="0" package="com.apnatime.debug" class="android.view.ViewGroup" text="" resource-id="com.apnatime.debug:id/cl_education_detail" checkable="false" checked="false" clickable="false" enabled="true" focusable="false" focused="false" long-clickable="false" password="false" scrollable="false" selected="false" bounds="[0,220][1080,2088]" displayed="true"&gt;
              &lt;android.widget.ScrollView index="0" package="com.apnatime.debug" class="android.widget.ScrollView" text="" resource-id="com.apnatime.debug:id/act_education_scrollview" checkable="false" checked="false" clickable="false" enabled="true" focusable="true" focused="false" long-clickable="false" password="false" scrollable="false" selected="false" bounds="[0,220][1080,1884]" displayed="true"&gt;
                &lt;android.view.ViewGroup index="0" package="com.apnatime.debug" class="android.view.ViewGroup" text="" checkable="false" checked="false" clickable="false" enabled="true" focusable="false" focused="false" long-clickable="false" password="false" scrollable="false" selected="false" bounds="[0,220][1080,1812]" displayed="true"&gt;
                  &lt;android.view.View index="0" package="com.apnatime.debug" class="android.view.View" text="" checkable="false" checked="false" clickable="false" enabled="true" focusable="false" focused="false" long-clickable="false" password="false" scrollable="false" selected="false" bounds="[0,220][1080,698]" displayed="true" /&gt;
                  &lt;android.widget.TextView index="1" package="com.apnatime.debug" class="android.widget.TextView" text="Let us make your visiting card" resource-id="com.apnatime.debug:id/act_education_tv_title" checkable="false" checked="false" clickable="false" enabled="true" focusable="false" focused="false" long-clickable="false" password="false" scrollable="false" selected="false" bounds="[0,276][1080,379]" displayed="true" /&gt;
                  &lt;android.widget.LinearLayout index="2" package="com.apnatime.debug" class="android.widget.LinearLayout" text="" resource-id="com.apnatime.debug:id/act_education_visitingcard" checkable="false" checked="false" clickable="false" enabled="true" focusable="false" focused="false" long-clickable="false" password="false" scrollable="false" selected="false" bounds="[29,390][1051,962]" displayed="true"&gt;
                    &lt;android.view.ViewGroup index="0" package="com.apnatime.debug" class="android.view.ViewGroup" text="" checkable="false" checked="false" clickable="false" enabled="true" focusable="false" focused="false" long-clickable="false" password="false" scrollable="false" selected="false" bounds="[29,390][1051,962]" displayed="true"&gt;
                      &lt;android.widget.FrameLayout index="0" package="com.apnatime.debug" class="android.widget.FrameLayout" text="" resource-id="com.apnatime.debug:id/row_car_card_view" checkable="false" checked="false" clickable="false" enabled="true" focusable="false" focused="false" long-clickable="false" password="false" scrollable="false" selected="false" bounds="[72,407][1008,945]" displayed="true"&gt;
                        &lt;android.view.ViewGroup index="0" package="com.apnatime.debug" class="android.view.ViewGroup" text="" checkable="false" checked="false" clickable="false" enabled="true" focusable="false" focused="false" long-clickable="false" password="false" scrollable="false" selected="false" bounds="[72,407][1008,945]" displayed="true"&gt;
                          &lt;android.view.View index="0" package="com.apnatime.debug" class="android.view.View" text="" resource-id="com.apnatime.debug:id/row_card_ll_take_picture" checkable="false" checked="false" clickable="true" enabled="true" focusable="true" focused="false" long-clickable="false" password="false" scrollable="false" selected="false" bounds="[72,407][353,945]" displayed="true" /&gt;
                          &lt;android.widget.ImageView index="1" package="com.apnatime.debug" class="android.widget.ImageView" text="" resource-id="com.apnatime.debug:id/row_card_img_profile" checkable="false" checked="false" clickable="true" enabled="true" focusable="true" focused="false" long-clickable="false" password="false" scrollable="false" selected="false" bounds="[72,407][353,945]" displayed="true" /&gt;
                          &lt;android.view.View index="2" package="com.apnatime.debug" class="android.view.View" text="" checkable="false" checked="false" clickable="false" enabled="true" focusable="false" focused="false" long-clickable="false" password="false" scrollable="false" selected="false" bounds="[353,407][1008,945]" displayed="true" /&gt;
                          &lt;android.widget.TextView index="3" package="com.apnatime.debug" class="android.widget.TextView" text="Akshatha" resource-id="com.apnatime.debug:id/row_card_tv_name" checkable="false" checked="false" clickable="false" enabled="true" focusable="false" focused="false" long-clickable="false" password="false" scrollable="false" selected="false" bounds="[359,555][925,615]" displayed="true" /&gt;
                          &lt;android.view.ViewGroup index="4" package="com.apnatime.debug" class="android.view.ViewGroup" text="" resource-id="com.apnatime.debug:id/education_container" checkable="false" checked="false" clickable="false" enabled="true" focusable="false" focused="false" long-clickable="false" password="false" scrollable="false" selected="false" bounds="[761,615][925,659]" displayed="true"&gt;
                            &lt;android.widget.TextView index="0" package="com.apnatime.debug" class="android.widget.TextView" text="Education" resource-id="com.apnatime.debug:id/row_card_tv_education" checkable="false" checked="false" clickable="false" enabled="true" focusable="false" focused="false" long-clickable="false" password="false" scrollable="false" selected="false" bounds="[761,615][925,659]" displayed="true" /&gt;
                          &lt;/android.view.ViewGroup&gt;
                          &lt;android.widget.TextView index="5" package="com.apnatime.debug" class="android.widget.TextView" text="Giri Nagar" resource-id="com.apnatime.debug:id/row_card_tv_location" checkable="false" checked="false" clickable="false" enabled="true" focusable="false" focused="false" long-clickable="false" password="false" scrollable="false" selected="false" bounds="[363,670][925,714]" displayed="true" /&gt;
                          &lt;android.widget.FrameLayout index="6" package="com.apnatime.debug" class="android.widget.FrameLayout" text="" resource-id="com.apnatime.debug:id/frame" checkable="false" checked="false" clickable="false" enabled="true" focusable="false" focused="false" long-clickable="false" password="false" scrollable="false" selected="false" bounds="[353,850][1008,945]" displayed="true"&gt;
                            &lt;android.widget.TextView index="0" package="com.apnatime.debug" class="android.widget.TextView" text="Bengaluru" resource-id="com.apnatime.debug:id/row_card_tv_mobile" checkable="false" checked="false" clickable="false" enabled="true" focusable="false" focused="false" long-clickable="false" password="false" scrollable="false" selected="false" bounds="[692,872][964,923]" displayed="true" /&gt;
                          &lt;/android.widget.FrameLayout&gt;
                        &lt;/android.view.ViewGroup&gt;
                      &lt;/android.widget.FrameLayout&gt;
                    &lt;/android.view.ViewGroup&gt;
                  &lt;/android.widget.LinearLayout&gt;
                  &lt;android.widget.TextView index="3" package="com.apnatime.debug" class="android.widget.TextView" text="Education Details" resource-id="com.apnatime.debug:id/act_education_tv_select_one" checkable="false" checked="false" clickable="false" enabled="true" focusable="false" focused="false" long-clickable="false" password="false" scrollable="false" selected="false" bounds="[72,1048][1008,1114]" displayed="true" /&gt;
                  &lt;android.widget.LinearLayout index="4" package="com.apnatime.debug" class="android.widget.LinearLayout" text="" resource-id="com.apnatime.debug:id/il_education" checkable="false" checked="false" clickable="false" enabled="true" focusable="false" focused="false" long-clickable="false" password="false" scrollable="false" selected="false" bounds="[72,1155][1008,1273]" displayed="true"&gt;
                    &lt;android.widget.FrameLayout index="0" package="com.apnatime.debug" class="android.widget.FrameLayout" text="" checkable="false" checked="false" clickable="false" enabled="true" focusable="false" focused="false" long-clickable="false" password="false" scrollable="false" selected="false" bounds="[72,1170][1008,1273]" displayed="true"&gt;
                      &lt;android.widget.EditText index="0" package="com.apnatime.debug" class="android.widget.EditText" text="Education" resource-id="com.apnatime.debug:id/et_education" checkable="false" checked="false" clickable="true" enabled="true" focusable="false" focused="false" long-clickable="true" password="false" scrollable="false" selected="false" bounds="[72,1170][1008,1273]" displayed="true" /&gt;
                    &lt;/android.widget.FrameLayout&gt;
                  &lt;/android.widget.LinearLayout&gt;
                  &lt;android.widget.TextView index="5" package="com.apnatime.debug" class="android.widget.TextView" text="Provide the current or the highest qualification" resource-id="com.apnatime.debug:id/tv_education_detail_info" checkable="false" checked="false" clickable="false" enabled="true" focusable="false" focused="false" long-clickable="false" password="false" scrollable="false" selected="false" bounds="[72,1301][1008,1345]" displayed="true" /&gt;
                &lt;/android.view.ViewGroup&gt;
              &lt;/android.widget.ScrollView&gt;
              &lt;android.widget.Button index="1" package="com.apnatime.debug" class="android.widget.Button" text="Next" resource-id="com.apnatime.debug:id/act_education_btn_continue" checkable="false" checked="false" clickable="true" enabled="true" focusable="true" focused="false" long-clickable="false" password="false" scrollable="false" selected="false" bounds="[72,1884][1008,2016]" displayed="true" /&gt;
            &lt;/android.view.ViewGroup&gt;
          &lt;/android.widget.FrameLayout&gt;
        &lt;/android.view.ViewGroup&gt;
      &lt;/android.widget.FrameLayout&gt;
    &lt;/android.widget.LinearLayout&gt;
  &lt;/android.widget.FrameLayout&gt;
&lt;/hierarchy&gt;</msg>
<status status="PASS" starttime="20211126 16:15:52.814" endtime="20211126 16:15:53.417"/>
</kw>
<kw name="Click Element At Coordinates" library="AppiumLibrary">
<arg>179</arg>
<arg>1796</arg>
<doc>click element at a certain coordinate</doc>
<msg timestamp="20211126 16:15:53.427" level="INFO">Pressing at (179, 1796).</msg>
<status status="PASS" starttime="20211126 16:15:53.418" endtime="20211126 16:15:54.356"/>
</kw>
<status status="PASS" starttime="20211126 16:15:47.890" endtime="20211126 16:15:54.356"/>
</kw>
<kw name="User Enters Degree Details" library="apna_user_login">
<kw name="Input Text" library="AppiumLibrary">
<arg>${Education_Degree}</arg>
<arg>${Degree}</arg>
<doc>Types the given `text` into text field identified by `locator`.</doc>
<msg timestamp="20211126 16:15:54.363" level="INFO">Typing text 'BTech/BE' into text field 'id=et_degree'</msg>
<status status="PASS" starttime="20211126 16:15:54.357" endtime="20211126 16:15:55.543"/>
</kw>
<kw name="Wait for text on Screen and click Text" library="common">
<arg>${trial}</arg>
<kw name="Wait Until Page Contains" library="AppiumLibrary">
<arg>${text}</arg>
<arg>timeout=20s</arg>
<doc>Waits until `text` appears on current page.</doc>
<status status="PASS" starttime="20211126 16:15:55.544" endtime="20211126 16:15:57.550"/>
</kw>
<kw name="Click Text" library="AppiumLibrary">
<arg>${text}</arg>
<doc>Click text identified by ``text``.</doc>
<status status="PASS" starttime="20211126 16:15:57.550" endtime="20211126 16:15:57.726"/>
</kw>
<status status="PASS" starttime="20211126 16:15:55.543" endtime="20211126 16:15:57.727"/>
</kw>
<status status="PASS" starttime="20211126 16:15:54.357" endtime="20211126 16:15:57.727"/>
</kw>
<kw name="User Enters University Details" library="apna_user_login">
<kw name="Input Text" library="AppiumLibrary">
<arg>${University_Field}</arg>
<arg>${University_Name}</arg>
<doc>Types the given `text` into text field identified by `locator`.</doc>
<msg timestamp="20211126 16:15:57.747" level="INFO">Typing text 'National College, Tiruchirappalli' into text field 'id=et_college'</msg>
<status status="PASS" starttime="20211126 16:15:57.730" endtime="20211126 16:15:59.098"/>
</kw>
<kw name="Wait for text on Screen and click Text" library="common">
<arg>${University_Name}</arg>
<kw name="Wait Until Page Contains" library="AppiumLibrary">
<arg>${text}</arg>
<arg>timeout=20s</arg>
<doc>Waits until `text` appears on current page.</doc>
<status status="PASS" starttime="20211126 16:15:59.099" endtime="20211126 16:15:59.507"/>
</kw>
<kw name="Click Text" library="AppiumLibrary">
<arg>${text}</arg>
<doc>Click text identified by ``text``.</doc>
<status status="PASS" starttime="20211126 16:15:59.508" endtime="20211126 16:15:59.920"/>
</kw>
<status status="PASS" starttime="20211126 16:15:59.098" endtime="20211126 16:15:59.921"/>
</kw>
<kw name="Wait for text on Screen and click Text" library="common">
<arg>${Next}</arg>
<kw name="Wait Until Page Contains" library="AppiumLibrary">
<arg>${text}</arg>
<arg>timeout=20s</arg>
<doc>Waits until `text` appears on current page.</doc>
<status status="PASS" starttime="20211126 16:15:59.922" endtime="20211126 16:16:00.144"/>
</kw>
<kw name="Click Text" library="AppiumLibrary">
<arg>${text}</arg>
<doc>Click text identified by ``text``.</doc>
<status status="PASS" starttime="20211126 16:16:00.144" endtime="20211126 16:16:00.280"/>
</kw>
<status status="PASS" starttime="20211126 16:15:59.921" endtime="20211126 16:16:00.280"/>
</kw>
<status status="PASS" starttime="20211126 16:15:57.728" endtime="20211126 16:16:00.281"/>
</kw>
<doc>User to enter Educational Details</doc>
<status status="PASS" starttime="20211126 16:15:47.888" endtime="20211126 16:16:00.282"/>
</test>
<test id="s1-t6" name="User Category Details">
<kw name="User Enters Job categories" library="apna_user_login">
<kw name="Wait for text on Screen" library="common">
<arg>${Job_Catagory}</arg>
<kw name="Wait Until Page Contains" library="AppiumLibrary">
<arg>${text}</arg>
<arg>timeout=20s</arg>
<doc>Waits until `text` appears on current page.</doc>
<status status="PASS" starttime="20211126 16:16:00.286" endtime="20211126 16:16:05.263"/>
</kw>
<status status="PASS" starttime="20211126 16:16:00.285" endtime="20211126 16:16:05.263"/>
</kw>
<kw name="Click Element" library="AppiumLibrary">
<arg>${Accounts}</arg>
<doc>Click element identified by `locator`.</doc>
<msg timestamp="20211126 16:16:05.281" level="INFO">Clicking element 'id=row_super_category'.</msg>
<status status="PASS" starttime="20211126 16:16:05.264" endtime="20211126 16:16:06.687"/>
</kw>
<kw name="Click Element" library="AppiumLibrary">
<arg>${Done}</arg>
<doc>Click element identified by `locator`.</doc>
<msg timestamp="20211126 16:16:06.697" level="INFO">Clicking element 'id=btn_continue'.</msg>
<status status="PASS" starttime="20211126 16:16:06.689" endtime="20211126 16:16:07.387"/>
</kw>
<status status="PASS" starttime="20211126 16:16:00.284" endtime="20211126 16:16:07.387"/>
</kw>
<kw name="User Added Gallery and See Jobs" library="apna_user_login">
<kw name="Wait for text on Screen and click Text" library="common">
<arg>${Skip}</arg>
<kw name="Wait Until Page Contains" library="AppiumLibrary">
<arg>${text}</arg>
<arg>timeout=20s</arg>
<doc>Waits until `text` appears on current page.</doc>
<status status="PASS" starttime="20211126 16:16:07.390" endtime="20211126 16:16:09.749"/>
</kw>
<kw name="Click Text" library="AppiumLibrary">
<arg>${text}</arg>
<doc>Click text identified by ``text``.</doc>
<status status="PASS" starttime="20211126 16:16:09.749" endtime="20211126 16:16:09.886"/>
</kw>
<status status="PASS" starttime="20211126 16:16:07.389" endtime="20211126 16:16:09.887"/>
</kw>
<kw name="Wait for text on Screen and click Text" library="common">
<arg>${See_Jobs}</arg>
<kw name="Wait Until Page Contains" library="AppiumLibrary">
<arg>${text}</arg>
<arg>timeout=20s</arg>
<doc>Waits until `text` appears on current page.</doc>
<status status="PASS" starttime="20211126 16:16:09.887" endtime="20211126 16:16:14.298"/>
</kw>
<kw name="Click Text" library="AppiumLibrary">
<arg>${text}</arg>
<doc>Click text identified by ``text``.</doc>
<status status="PASS" starttime="20211126 16:16:14.298" endtime="20211126 16:16:14.409"/>
</kw>
<status status="PASS" starttime="20211126 16:16:09.887" endtime="20211126 16:16:14.410"/>
</kw>
<status status="PASS" starttime="20211126 16:16:07.388" endtime="20211126 16:16:14.410"/>
</kw>
<doc>User to specify type of job</doc>
<status status="PASS" starttime="20211126 16:16:00.283" endtime="20211126 16:16:14.411"/>
</test>
<kw name="Close the Apna App" library="apna_user_login" type="TEARDOWN">
<kw name="Close Application" library="AppiumLibrary">
<doc>Closes the current application and also close webdriver session.</doc>
<status status="PASS" starttime="20211126 16:16:14.417" endtime="20211126 16:16:16.001"/>
</kw>
<status status="PASS" starttime="20211126 16:16:14.416" endtime="20211126 16:16:16.001"/>
</kw>
<status status="PASS" starttime="20211126 16:14:17.648" endtime="20211126 16:16:16.002"/>
</suite>
<statistics>
<total>
<stat pass="6" fail="0" skip="0">All Tests</stat>
</total>
<tag>
</tag>
<suite>
<stat pass="6" fail="0" skip="0" id="s1" name="Login">Login</stat>
</suite>
</statistics>
<errors>
</errors>
</robot>
