<?xml version="1.0" encoding="UTF-8"?>
<robot generator="Robot 4.1 (Python 3.9.6 on win32)" generated="20211130 10:07:26.726" rpa="false" schemaversion="2">
<suite id="s1" name="Login" source="E:\ApnaApp\TestCase\Login.robot">
<kw name="Launch Apna App" library="apna_user_login" type="SETUP">
<kw name="Open Application" library="AppiumLibrary">
<arg>${Port_Number}</arg>
<arg>platformName=${Platform_Name}</arg>
<arg>deviceName=${Device_Name}</arg>
<arg>app=${App_Path}</arg>
<doc>Opens a new application to given Appium server.
Capabilities of appium server, Android and iOS,
Please check https://github.com/appium/appium/blob/master/docs/en/writing-running-appium/server-args.md
| *Option*            | *Man.* | *Description*     |
| remote_url          | Yes    | Appium server url |
| alias               | no     | alias             |</doc>
<status status="PASS" starttime="20211130 10:07:27.067" endtime="20211130 10:07:46.136"/>
</kw>
<status status="PASS" starttime="20211130 10:07:27.067" endtime="20211130 10:07:46.136"/>
</kw>
<test id="s1-t1" name="User Login through Mobile">
<kw name="Enter Mobile Number" library="apna_user_login">
<kw name="Wait for text on Screen and click Text" library="common">
<arg>${Select_None}</arg>
<kw name="Wait Until Page Contains" library="AppiumLibrary">
<arg>${text}</arg>
<arg>timeout=20s</arg>
<doc>Waits until `text` appears on current page.</doc>
<status status="PASS" starttime="20211130 10:07:46.140" endtime="20211130 10:07:50.144"/>
</kw>
<kw name="Click Text" library="AppiumLibrary">
<arg>${text}</arg>
<doc>Click text identified by ``text``.</doc>
<status status="PASS" starttime="20211130 10:07:50.144" endtime="20211130 10:07:50.482"/>
</kw>
<status status="PASS" starttime="20211130 10:07:46.139" endtime="20211130 10:07:50.483"/>
</kw>
<kw name="Wait for text on Screen" library="common">
<arg>${Mobile_Text}</arg>
<kw name="Wait Until Page Contains" library="AppiumLibrary">
<arg>${text}</arg>
<arg>timeout=20s</arg>
<doc>Waits until `text` appears on current page.</doc>
<status status="PASS" starttime="20211130 10:07:50.484" endtime="20211130 10:07:51.657"/>
</kw>
<status status="PASS" starttime="20211130 10:07:50.483" endtime="20211130 10:07:51.657"/>
</kw>
<kw name="Input Value" library="AppiumLibrary">
<arg>${Mobile_Field}</arg>
<arg>${Mobile_number}</arg>
<doc>Sets the given value into text field identified by `locator`. This is an IOS only keyword, input value makes use of set_value</doc>
<msg timestamp="20211130 10:07:51.667" level="INFO">Setting text '8886786202' into text field 'id=et_login_number'</msg>
<status status="PASS" starttime="20211130 10:07:51.657" endtime="20211130 10:07:52.601"/>
</kw>
<kw name="Click Element" library="AppiumLibrary">
<arg>${Go_Button}</arg>
<doc>Click element identified by `locator`.</doc>
<msg timestamp="20211130 10:07:52.611" level="INFO">Clicking element 'id=btn_send'.</msg>
<status status="PASS" starttime="20211130 10:07:52.601" endtime="20211130 10:07:53.274"/>
</kw>
<status status="PASS" starttime="20211130 10:07:46.138" endtime="20211130 10:07:53.275"/>
</kw>
<kw name="Enter OTP Number" library="apna_user_login">
<kw name="Wait for text on Screen" library="common">
<arg>${OTP_Text}</arg>
<kw name="Wait Until Page Contains" library="AppiumLibrary">
<arg>${text}</arg>
<arg>timeout=20s</arg>
<doc>Waits until `text` appears on current page.</doc>
<status status="PASS" starttime="20211130 10:07:53.281" endtime="20211130 10:07:56.003"/>
</kw>
<status status="PASS" starttime="20211130 10:07:53.280" endtime="20211130 10:07:56.003"/>
</kw>
<kw name="Input Text and Enter OTP" library="common">
<arg>${OTP_Field1}</arg>
<arg>3</arg>
<arg>${OTP_Field_2}</arg>
<arg>5</arg>
<arg>${OTP_Field__3}</arg>
<arg>6</arg>
<arg>${OTP_Field___4}</arg>
<arg>3</arg>
<kw name="Input Text" library="AppiumLibrary">
<arg>${number}</arg>
<arg>${OTP}</arg>
<doc>Types the given `text` into text field identified by `locator`.</doc>
<msg timestamp="20211130 10:07:56.011" level="INFO">Typing text '3' into text field 'id=et_otp1'</msg>
<status status="PASS" starttime="20211130 10:07:56.005" endtime="20211130 10:07:56.495"/>
</kw>
<kw name="Input Text" library="AppiumLibrary">
<arg>${number1}</arg>
<arg>${OTP1}</arg>
<doc>Types the given `text` into text field identified by `locator`.</doc>
<msg timestamp="20211130 10:07:56.503" level="INFO">Typing text '5' into text field 'id=et_otp2'</msg>
<status status="PASS" starttime="20211130 10:07:56.495" endtime="20211130 10:07:57.437"/>
</kw>
<kw name="Input Text" library="AppiumLibrary">
<arg>${number2}</arg>
<arg>${OTP2}</arg>
<doc>Types the given `text` into text field identified by `locator`.</doc>
<msg timestamp="20211130 10:07:57.447" level="INFO">Typing text '6' into text field 'id=et_otp3'</msg>
<status status="PASS" starttime="20211130 10:07:57.438" endtime="20211130 10:07:58.472"/>
</kw>
<kw name="Input Text" library="AppiumLibrary">
<arg>${number3}</arg>
<arg>${OTP3}</arg>
<doc>Types the given `text` into text field identified by `locator`.</doc>
<msg timestamp="20211130 10:07:58.479" level="INFO">Typing text '3' into text field 'id=et_otp4'</msg>
<status status="PASS" starttime="20211130 10:07:58.472" endtime="20211130 10:07:59.526"/>
</kw>
<status status="PASS" starttime="20211130 10:07:56.003" endtime="20211130 10:07:59.526"/>
</kw>
<status status="PASS" starttime="20211130 10:07:53.278" endtime="20211130 10:07:59.526"/>
</kw>
<doc>Allows User to Login in Through Valid Mobile Number</doc>
<status status="PASS" starttime="20211130 10:07:46.137" endtime="20211130 10:07:59.527"/>
</test>
<test id="s1-t2" name="User Choose Language">
<kw name="Select English and click Next" library="apna_user_login">
<kw name="Wait for text on Screen and click Text" library="common">
<arg>${English}</arg>
<kw name="Wait Until Page Contains" library="AppiumLibrary">
<arg>${text}</arg>
<arg>timeout=20s</arg>
<doc>Waits until `text` appears on current page.</doc>
<status status="PASS" starttime="20211130 10:07:59.536" endtime="20211130 10:08:07.665"/>
</kw>
<kw name="Click Text" library="AppiumLibrary">
<arg>${text}</arg>
<doc>Click text identified by ``text``.</doc>
<status status="PASS" starttime="20211130 10:08:07.665" endtime="20211130 10:08:08.051"/>
</kw>
<status status="PASS" starttime="20211130 10:07:59.535" endtime="20211130 10:08:08.051"/>
</kw>
<kw name="Wait for Element to be Enabled" library="common">
<arg>${Next_Button}</arg>
<kw name="Element Should Be Enabled" library="AppiumLibrary">
<arg>${element}</arg>
<arg>timeout=20s</arg>
<doc>Verifies that element identified with locator is enabled.</doc>
<msg timestamp="20211130 10:08:08.735" level="INFO">Element 'id=btn_continue' is enabled .</msg>
<status status="PASS" starttime="20211130 10:08:08.052" endtime="20211130 10:08:08.735"/>
</kw>
<status status="PASS" starttime="20211130 10:08:08.051" endtime="20211130 10:08:08.736"/>
</kw>
<kw name="Wait for Element to be Visible" library="common">
<arg>${Next_Button}</arg>
<kw name="Wait Until Element Is Visible" library="AppiumLibrary">
<arg>${element}</arg>
<arg>timeout=20s</arg>
<doc>Waits until element specified with `locator` is visible.</doc>
<status status="PASS" starttime="20211130 10:08:08.736" endtime="20211130 10:08:08.945"/>
</kw>
<status status="PASS" starttime="20211130 10:08:08.736" endtime="20211130 10:08:08.945"/>
</kw>
<kw name="Click Text" library="AppiumLibrary">
<arg>${Next}</arg>
<doc>Click text identified by ``text``.</doc>
<status status="PASS" starttime="20211130 10:08:08.946" endtime="20211130 10:08:09.198"/>
</kw>
<kw name="Log Source" library="AppiumLibrary">
<doc>Logs and returns the entire html source of the current page or frame.</doc>
<msg timestamp="20211130 10:08:10.233" level="INFO">&lt;?xml version='1.0' encoding='UTF-8' standalone='yes' ?&gt;
&lt;hierarchy index="0" class="hierarchy" rotation="0" width="1080" height="2088"&gt;
  &lt;android.widget.FrameLayout index="0" package="com.apnatime.debug" class="android.widget.FrameLayout" text="" checkable="false" checked="false" clickable="false" enabled="true" focusable="false" focused="false" long-clickable="false" password="false" scrollable="false" selected="false" bounds="[0,0][1080,2088]" displayed="true"&gt;
    &lt;android.widget.LinearLayout index="0" package="com.apnatime.debug" class="android.widget.LinearLayout" text="" checkable="false" checked="false" clickable="false" enabled="true" focusable="false" focused="false" long-clickable="false" password="false" scrollable="false" selected="false" bounds="[0,0][1080,2088]" displayed="true"&gt;
      &lt;android.widget.FrameLayout index="0" package="com.apnatime.debug" class="android.widget.FrameLayout" text="" checkable="false" checked="false" clickable="false" enabled="true" focusable="false" focused="false" long-clickable="false" password="false" scrollable="false" selected="false" bounds="[0,66][1080,2088]" displayed="true"&gt;
        &lt;android.view.ViewGroup index="0" package="com.apnatime.debug" class="android.view.ViewGroup" text="" resource-id="com.apnatime.debug:id/decor_content_parent" checkable="false" checked="false" clickable="false" enabled="true" focusable="false" focused="false" long-clickable="false" password="false" scrollable="false" selected="false" bounds="[0,66][1080,2088]" displayed="true"&gt;
          &lt;android.widget.FrameLayout index="0" package="com.apnatime.debug" class="android.widget.FrameLayout" text="" resource-id="android:id/content" checkable="false" checked="false" clickable="false" enabled="true" focusable="false" focused="false" long-clickable="false" password="false" scrollable="false" selected="false" bounds="[0,66][1080,2088]" displayed="true"&gt;
            &lt;android.view.ViewGroup index="0" package="com.apnatime.debug" class="android.view.ViewGroup" text="" checkable="false" checked="false" clickable="false" enabled="true" focusable="false" focused="false" long-clickable="false" password="false" scrollable="false" selected="false" bounds="[0,66][1080,2088]" displayed="true"&gt;
              &lt;android.widget.TextView index="0" package="com.apnatime.debug" class="android.widget.TextView" text="Choose Your Language" resource-id="com.apnatime.debug:id/tv_lang_head" checkable="false" checked="false" clickable="false" enabled="true" focusable="false" focused="false" long-clickable="false" password="false" scrollable="false" selected="false" bounds="[0,135][1080,228]" displayed="true" /&gt;
              &lt;android.widget.TextView index="1" package="com.apnatime.debug" class="android.widget.TextView" text="Welcome to apna app" resource-id="com.apnatime.debug:id/tv_lang_sub_head" checkable="false" checked="false" clickable="false" enabled="true" focusable="false" focused="false" long-clickable="false" password="false" scrollable="false" selected="false" bounds="[0,228][1080,281]" displayed="true" /&gt;
              &lt;androidx.recyclerview.widget.RecyclerView index="2" package="com.apnatime.debug" class="androidx.recyclerview.widget.RecyclerView" text="" resource-id="com.apnatime.debug:id/rv_select_language" checkable="false" checked="false" clickable="false" enabled="true" focusable="true" focused="true" long-clickable="false" password="false" scrollable="false" selected="false" bounds="[136,322][944,1411]" displayed="true"&gt;
                &lt;android.view.ViewGroup index="0" package="com.apnatime.debug" class="android.view.ViewGroup" text="" checkable="false" checked="false" clickable="true" enabled="true" focusable="true" focused="false" long-clickable="false" password="false" scrollable="false" selected="false" bounds="[150,336][371,558]" displayed="true" /&gt;
              &lt;/androidx.recyclerview.widget.RecyclerView&gt;
            &lt;/android.view.ViewGroup&gt;
          &lt;/android.widget.FrameLayout&gt;
        &lt;/android.view.ViewGroup&gt;
      &lt;/android.widget.FrameLayout&gt;
    &lt;/android.widget.LinearLayout&gt;
  &lt;/android.widget.FrameLayout&gt;
&lt;/hierarchy&gt;</msg>
<status status="PASS" starttime="20211130 10:08:09.198" endtime="20211130 10:08:10.233"/>
</kw>
<kw name="Wait for text on Screen and click Text" library="common">
<arg>${Lets_go}</arg>
<kw name="Wait Until Page Contains" library="AppiumLibrary">
<arg>${text}</arg>
<arg>timeout=20s</arg>
<doc>Waits until `text` appears on current page.</doc>
<status status="PASS" starttime="20211130 10:08:10.234" endtime="20211130 10:08:12.231"/>
</kw>
<kw name="Click Text" library="AppiumLibrary">
<arg>${text}</arg>
<doc>Click text identified by ``text``.</doc>
<status status="PASS" starttime="20211130 10:08:12.232" endtime="20211130 10:08:12.563"/>
</kw>
<status status="PASS" starttime="20211130 10:08:10.233" endtime="20211130 10:08:12.564"/>
</kw>
<status status="PASS" starttime="20211130 10:07:59.534" endtime="20211130 10:08:12.564"/>
</kw>
<doc>Allows User to Select from list of languages</doc>
<status status="PASS" starttime="20211130 10:07:59.530" endtime="20211130 10:08:12.567"/>
</test>
<test id="s1-t3" name="User Visiting Card">
<kw name="Enter User Name" library="apna_user_login">
<kw name="Wait for text on Screen" library="common">
<arg>${Next}</arg>
<kw name="Wait Until Page Contains" library="AppiumLibrary">
<arg>${text}</arg>
<arg>timeout=20s</arg>
<doc>Waits until `text` appears on current page.</doc>
<status status="PASS" starttime="20211130 10:08:12.578" endtime="20211130 10:08:14.943"/>
</kw>
<status status="PASS" starttime="20211130 10:08:12.577" endtime="20211130 10:08:14.944"/>
</kw>
<kw name="Input Text" library="AppiumLibrary">
<arg>${Name_Feild}</arg>
<arg>${Name}</arg>
<doc>Types the given `text` into text field identified by `locator`.</doc>
<msg timestamp="20211130 10:08:14.954" level="INFO">Typing text 'Akshatha' into text field 'id=act_profile_info_et_full_name'</msg>
<status status="PASS" starttime="20211130 10:08:14.944" endtime="20211130 10:08:16.256"/>
</kw>
<kw name="Hide Keyboard" library="AppiumLibrary">
<doc>Hides the software keyboard on the device. (optional) In iOS, use `key_name` to press
a particular key, ex. `Done`. In Android, no parameters are used.</doc>
<status status="PASS" starttime="20211130 10:08:16.256" endtime="20211130 10:08:16.826"/>
</kw>
<status status="PASS" starttime="20211130 10:08:12.576" endtime="20211130 10:08:16.826"/>
</kw>
<kw name="Enter User Job City" library="apna_user_login">
<kw name="Click Element" library="AppiumLibrary">
<arg>${Job_City}</arg>
<doc>Click element identified by `locator`.</doc>
<msg timestamp="20211130 10:08:16.836" level="INFO">Clicking element 'id=act_profile_info_et_city'.</msg>
<status status="PASS" starttime="20211130 10:08:16.828" endtime="20211130 10:08:16.945"/>
</kw>
<kw name="Wait for text on Screen" library="common">
<arg>${Select_Job_City}</arg>
<kw name="Wait Until Page Contains" library="AppiumLibrary">
<arg>${text}</arg>
<arg>timeout=20s</arg>
<doc>Waits until `text` appears on current page.</doc>
<status status="PASS" starttime="20211130 10:08:16.946" endtime="20211130 10:08:19.603"/>
</kw>
<status status="PASS" starttime="20211130 10:08:16.945" endtime="20211130 10:08:19.603"/>
</kw>
<kw name="Input Text" library="AppiumLibrary">
<arg>${Search_Job_City}</arg>
<arg>${Input_City}</arg>
<doc>Types the given `text` into text field identified by `locator`.</doc>
<msg timestamp="20211130 10:08:19.609" level="INFO">Typing text 'ben' into text field 'id=search_src_text'</msg>
<status status="PASS" starttime="20211130 10:08:19.603" endtime="20211130 10:08:20.636"/>
</kw>
<kw name="Wait for text on Screen and click Text" library="common">
<arg>${City_Name}</arg>
<kw name="Wait Until Page Contains" library="AppiumLibrary">
<arg>${text}</arg>
<arg>timeout=20s</arg>
<doc>Waits until `text` appears on current page.</doc>
<status status="PASS" starttime="20211130 10:08:20.637" endtime="20211130 10:08:21.631"/>
</kw>
<kw name="Click Text" library="AppiumLibrary">
<arg>${text}</arg>
<doc>Click text identified by ``text``.</doc>
<status status="PASS" starttime="20211130 10:08:21.631" endtime="20211130 10:08:21.726"/>
</kw>
<status status="PASS" starttime="20211130 10:08:20.636" endtime="20211130 10:08:21.727"/>
</kw>
<kw name="Wait for text on Screen and click Text" library="common">
<arg>${apna}</arg>
<kw name="Wait Until Page Contains" library="AppiumLibrary">
<arg>${text}</arg>
<arg>timeout=20s</arg>
<doc>Waits until `text` appears on current page.</doc>
<status status="PASS" starttime="20211130 10:08:21.728" endtime="20211130 10:08:22.103"/>
</kw>
<kw name="Click Text" library="AppiumLibrary">
<arg>${text}</arg>
<doc>Click text identified by ``text``.</doc>
<status status="PASS" starttime="20211130 10:08:22.104" endtime="20211130 10:08:24.258"/>
</kw>
<status status="PASS" starttime="20211130 10:08:21.727" endtime="20211130 10:08:24.259"/>
</kw>
<kw name="Wait for text on Screen" library="common">
<arg>${Next}</arg>
<kw name="Wait Until Page Contains" library="AppiumLibrary">
<arg>${text}</arg>
<arg>timeout=20s</arg>
<doc>Waits until `text` appears on current page.</doc>
<status status="PASS" starttime="20211130 10:08:24.260" endtime="20211130 10:08:24.401"/>
</kw>
<status status="PASS" starttime="20211130 10:08:24.259" endtime="20211130 10:08:24.401"/>
</kw>
<status status="PASS" starttime="20211130 10:08:16.827" endtime="20211130 10:08:24.401"/>
</kw>
<kw name="Enter User Job Location" library="apna_user_login">
<kw name="Click Element" library="AppiumLibrary">
<arg>${Job_Location}</arg>
<doc>Click element identified by `locator`.</doc>
<msg timestamp="20211130 10:08:24.408" level="INFO">Clicking element 'id=act_profile_info_et_location'.</msg>
<status status="PASS" starttime="20211130 10:08:24.403" endtime="20211130 10:08:24.480"/>
</kw>
<kw name="Wait for text on Screen" library="common">
<arg>${Set_Location}</arg>
<kw name="Wait Until Page Contains" library="AppiumLibrary">
<arg>${text}</arg>
<arg>timeout=20s</arg>
<doc>Waits until `text` appears on current page.</doc>
<status status="PASS" starttime="20211130 10:08:24.482" endtime="20211130 10:08:26.252"/>
</kw>
<status status="PASS" starttime="20211130 10:08:24.481" endtime="20211130 10:08:26.252"/>
</kw>
<kw name="Input Text" library="AppiumLibrary">
<arg>${Search_Location}</arg>
<arg>${Location_Name}</arg>
<doc>Types the given `text` into text field identified by `locator`.</doc>
<msg timestamp="20211130 10:08:26.267" level="INFO">Typing text 'Giri' into text field 'id=act_select_location_etSearchLocation'</msg>
<status status="PASS" starttime="20211130 10:08:26.253" endtime="20211130 10:08:28.791"/>
</kw>
<kw name="Wait for text on Screen and click Text" library="common">
<arg>${Full_Location}</arg>
<kw name="Wait Until Page Contains" library="AppiumLibrary">
<arg>${text}</arg>
<arg>timeout=20s</arg>
<doc>Waits until `text` appears on current page.</doc>
<status status="PASS" starttime="20211130 10:08:28.794" endtime="20211130 10:08:29.933"/>
</kw>
<kw name="Click Text" library="AppiumLibrary">
<arg>${text}</arg>
<doc>Click text identified by ``text``.</doc>
<status status="PASS" starttime="20211130 10:08:29.933" endtime="20211130 10:08:30.055"/>
</kw>
<status status="PASS" starttime="20211130 10:08:28.792" endtime="20211130 10:08:30.055"/>
</kw>
<kw name="Wait for text on Screen and click Text" library="common">
<arg>${apna}</arg>
<kw name="Wait Until Page Contains" library="AppiumLibrary">
<arg>${text}</arg>
<arg>timeout=20s</arg>
<doc>Waits until `text` appears on current page.</doc>
<status status="PASS" starttime="20211130 10:08:30.056" endtime="20211130 10:08:31.343"/>
</kw>
<kw name="Click Text" library="AppiumLibrary">
<arg>${text}</arg>
<doc>Click text identified by ``text``.</doc>
<status status="PASS" starttime="20211130 10:08:31.344" endtime="20211130 10:08:31.468"/>
</kw>
<status status="PASS" starttime="20211130 10:08:30.055" endtime="20211130 10:08:31.469"/>
</kw>
<status status="PASS" starttime="20211130 10:08:24.402" endtime="20211130 10:08:31.469"/>
</kw>
<kw name="User Select Gender" library="apna_user_login">
<kw name="Click Element" library="AppiumLibrary">
<arg>${Select_Female}</arg>
<doc>Click element identified by `locator`.</doc>
<msg timestamp="20211130 10:08:31.479" level="INFO">Clicking element 'id=btn_gender_female'.</msg>
<status status="PASS" starttime="20211130 10:08:31.470" endtime="20211130 10:08:32.170"/>
</kw>
<status status="PASS" starttime="20211130 10:08:31.469" endtime="20211130 10:08:32.171"/>
</kw>
<kw name="Click on Next" library="apna_user_login">
<kw name="Wait for Element to be Enabled" library="common">
<arg>${Next_Button1}</arg>
<kw name="Element Should Be Enabled" library="AppiumLibrary">
<arg>${element}</arg>
<arg>timeout=20s</arg>
<doc>Verifies that element identified with locator is enabled.</doc>
<msg timestamp="20211130 10:08:32.239" level="INFO">Element 'id=act_profile_info_btn_continue' is enabled .</msg>
<status status="PASS" starttime="20211130 10:08:32.173" endtime="20211130 10:08:32.239"/>
</kw>
<status status="PASS" starttime="20211130 10:08:32.172" endtime="20211130 10:08:32.239"/>
</kw>
<kw name="Is Keyboard Shown" library="AppiumLibrary">
<doc>Return true if Android keyboard is displayed or False if not displayed
No parameters are used.</doc>
<status status="PASS" starttime="20211130 10:08:32.239" endtime="20211130 10:08:32.605"/>
</kw>
<kw name="Wait for Element to be Visible" library="common">
<arg>${Next_Button1}</arg>
<kw name="Wait Until Element Is Visible" library="AppiumLibrary">
<arg>${element}</arg>
<arg>timeout=20s</arg>
<doc>Waits until element specified with `locator` is visible.</doc>
<status status="PASS" starttime="20211130 10:08:32.606" endtime="20211130 10:08:32.666"/>
</kw>
<status status="PASS" starttime="20211130 10:08:32.605" endtime="20211130 10:08:32.666"/>
</kw>
<kw name="Click Text" library="AppiumLibrary">
<arg>${Next}</arg>
<doc>Click text identified by ``text``.</doc>
<status status="PASS" starttime="20211130 10:08:32.666" endtime="20211130 10:08:32.800"/>
</kw>
<status status="PASS" starttime="20211130 10:08:32.171" endtime="20211130 10:08:32.801"/>
</kw>
<doc>Allows User to enter Personal Details</doc>
<status status="PASS" starttime="20211130 10:08:12.572" endtime="20211130 10:08:32.801"/>
</test>
<test id="s1-t4" name="Experience Details">
<kw name="Select Work Experience" library="apna_user_login">
<kw name="Wait for Element on Screen and click Element" library="common">
<arg>${No_Work_Experience}</arg>
<kw name="Wait Until Page Contains Element" library="AppiumLibrary">
<arg>${element}</arg>
<arg>timeout=20s</arg>
<doc>Waits until element specified with `locator` appears on current page.</doc>
<status status="PASS" starttime="20211130 10:08:32.808" endtime="20211130 10:08:34.820"/>
</kw>
<kw name="Click Element" library="AppiumLibrary">
<arg>${element}</arg>
<doc>Click element identified by `locator`.</doc>
<msg timestamp="20211130 10:08:34.827" level="INFO">Clicking element 'id=act_education_btn_fresher'.</msg>
<status status="PASS" starttime="20211130 10:08:34.821" endtime="20211130 10:08:35.537"/>
</kw>
<status status="PASS" starttime="20211130 10:08:32.806" endtime="20211130 10:08:35.538"/>
</kw>
<kw name="Click Text" library="AppiumLibrary">
<arg>${Next}</arg>
<doc>Click text identified by ``text``.</doc>
<status status="PASS" starttime="20211130 10:08:35.538" endtime="20211130 10:08:35.726"/>
</kw>
<status status="PASS" starttime="20211130 10:08:32.806" endtime="20211130 10:08:35.727"/>
</kw>
<doc>Allows User to select work experience</doc>
<status status="PASS" starttime="20211130 10:08:32.804" endtime="20211130 10:08:35.731"/>
</test>
<test id="s1-t5" name="User Education Details">
<kw name="User Enters Highest Qualification" library="apna_user_login">
<kw name="Wait for Element on Screen and click Element" library="common">
<arg>${Education_Details}</arg>
<kw name="Wait Until Page Contains Element" library="AppiumLibrary">
<arg>${element}</arg>
<arg>timeout=20s</arg>
<doc>Waits until element specified with `locator` appears on current page.</doc>
<status status="PASS" starttime="20211130 10:08:35.738" endtime="20211130 10:08:38.587"/>
</kw>
<kw name="Click Element" library="AppiumLibrary">
<arg>${element}</arg>
<doc>Click element identified by `locator`.</doc>
<msg timestamp="20211130 10:08:38.592" level="INFO">Clicking element 'id=et_education'.</msg>
<status status="PASS" starttime="20211130 10:08:38.587" endtime="20211130 10:08:39.184"/>
</kw>
<status status="PASS" starttime="20211130 10:08:35.737" endtime="20211130 10:08:39.185"/>
</kw>
<kw name="Log Source" library="AppiumLibrary">
<doc>Logs and returns the entire html source of the current page or frame.</doc>
<msg timestamp="20211130 10:08:39.694" level="INFO">&lt;?xml version='1.0' encoding='UTF-8' standalone='yes' ?&gt;
&lt;hierarchy index="0" class="hierarchy" rotation="0" width="1080" height="2088"&gt;
  &lt;android.widget.FrameLayout index="0" package="com.apnatime.debug" class="android.widget.FrameLayout" text="" checkable="false" checked="false" clickable="false" enabled="true" focusable="false" focused="false" long-clickable="false" password="false" scrollable="false" selected="false" bounds="[0,0][1080,2088]" displayed="true"&gt;
    &lt;android.widget.LinearLayout index="0" package="com.apnatime.debug" class="android.widget.LinearLayout" text="" checkable="false" checked="false" clickable="false" enabled="true" focusable="false" focused="false" long-clickable="false" password="false" scrollable="false" selected="false" bounds="[0,0][1080,2088]" displayed="true"&gt;
      &lt;android.widget.FrameLayout index="0" package="com.apnatime.debug" class="android.widget.FrameLayout" text="" checkable="false" checked="false" clickable="false" enabled="true" focusable="false" focused="false" long-clickable="false" password="false" scrollable="false" selected="false" bounds="[0,66][1080,2088]" displayed="true"&gt;
        &lt;android.view.ViewGroup index="0" package="com.apnatime.debug" class="android.view.ViewGroup" text="" resource-id="com.apnatime.debug:id/decor_content_parent" checkable="false" checked="false" clickable="false" enabled="true" focusable="false" focused="false" long-clickable="false" password="false" scrollable="false" selected="false" bounds="[0,66][1080,2088]" displayed="true"&gt;
          &lt;android.widget.FrameLayout index="0" package="com.apnatime.debug" class="android.widget.FrameLayout" text="" resource-id="com.apnatime.debug:id/action_bar_container" checkable="false" checked="false" clickable="false" enabled="true" focusable="false" focused="false" long-clickable="false" password="false" scrollable="false" selected="false" bounds="[0,66][1080,220]" displayed="true"&gt;
            &lt;android.view.ViewGroup index="0" package="com.apnatime.debug" class="android.view.ViewGroup" text="" resource-id="com.apnatime.debug:id/action_bar" checkable="false" checked="false" clickable="false" enabled="true" focusable="false" focused="false" long-clickable="false" password="false" scrollable="false" selected="false" bounds="[0,66][1080,220]" displayed="true"&gt;
              &lt;android.widget.ImageButton index="0" package="com.apnatime.debug" class="android.widget.ImageButton" text="" content-desc="Navigate up" checkable="false" checked="false" clickable="true" enabled="true" focusable="true" focused="false" long-clickable="false" password="false" scrollable="false" selected="false" bounds="[0,66][154,220]" displayed="true" /&gt;
              &lt;android.widget.TextView index="1" package="com.apnatime.debug" class="android.widget.TextView" text="apna" checkable="false" checked="false" clickable="false" enabled="true" focusable="false" focused="false" long-clickable="false" password="false" scrollable="false" selected="false" bounds="[198,91][347,194]" displayed="true" /&gt;
            &lt;/android.view.ViewGroup&gt;
          &lt;/android.widget.FrameLayout&gt;
          &lt;android.widget.FrameLayout index="1" package="com.apnatime.debug" class="android.widget.FrameLayout" text="" resource-id="android:id/content" checkable="false" checked="false" clickable="false" enabled="true" focusable="false" focused="false" long-clickable="false" password="false" scrollable="false" selected="false" bounds="[0,220][1080,2088]" displayed="true"&gt;
            &lt;android.view.ViewGroup index="0" package="com.apnatime.debug" class="android.view.ViewGroup" text="" resource-id="com.apnatime.debug:id/cl_education_detail" checkable="false" checked="false" clickable="false" enabled="true" focusable="false" focused="false" long-clickable="false" password="false" scrollable="false" selected="false" bounds="[0,220][1080,2088]" displayed="true"&gt;
              &lt;android.widget.ScrollView index="0" package="com.apnatime.debug" class="android.widget.ScrollView" text="" resource-id="com.apnatime.debug:id/act_education_scrollview" checkable="false" checked="false" clickable="false" enabled="true" focusable="true" focused="false" long-clickable="false" password="false" scrollable="false" selected="false" bounds="[0,220][1080,1884]" displayed="true"&gt;
                &lt;android.view.ViewGroup index="0" package="com.apnatime.debug" class="android.view.ViewGroup" text="" checkable="false" checked="false" clickable="false" enabled="true" focusable="false" focused="false" long-clickable="false" password="false" scrollable="false" selected="false" bounds="[0,220][1080,1812]" displayed="true"&gt;
                  &lt;android.view.View index="0" package="com.apnatime.debug" class="android.view.View" text="" checkable="false" checked="false" clickable="false" enabled="true" focusable="false" focused="false" long-clickable="false" password="false" scrollable="false" selected="false" bounds="[0,220][1080,698]" displayed="true" /&gt;
                  &lt;android.widget.TextView index="1" package="com.apnatime.debug" class="android.widget.TextView" text="Let us make your visiting card" resource-id="com.apnatime.debug:id/act_education_tv_title" checkable="false" checked="false" clickable="false" enabled="true" focusable="false" focused="false" long-clickable="false" password="false" scrollable="false" selected="false" bounds="[0,276][1080,379]" displayed="true" /&gt;
                  &lt;android.widget.LinearLayout index="2" package="com.apnatime.debug" class="android.widget.LinearLayout" text="" resource-id="com.apnatime.debug:id/act_education_visitingcard" checkable="false" checked="false" clickable="false" enabled="true" focusable="false" focused="false" long-clickable="false" password="false" scrollable="false" selected="false" bounds="[29,390][1051,962]" displayed="true"&gt;
                    &lt;android.view.ViewGroup index="0" package="com.apnatime.debug" class="android.view.ViewGroup" text="" checkable="false" checked="false" clickable="false" enabled="true" focusable="false" focused="false" long-clickable="false" password="false" scrollable="false" selected="false" bounds="[29,390][1051,962]" displayed="true"&gt;
                      &lt;android.widget.FrameLayout index="0" package="com.apnatime.debug" class="android.widget.FrameLayout" text="" resource-id="com.apnatime.debug:id/row_car_card_view" checkable="false" checked="false" clickable="false" enabled="true" focusable="false" focused="false" long-clickable="false" password="false" scrollable="false" selected="false" bounds="[72,407][1008,945]" displayed="true"&gt;
                        &lt;android.view.ViewGroup index="0" package="com.apnatime.debug" class="android.view.ViewGroup" text="" checkable="false" checked="false" clickable="false" enabled="true" focusable="false" focused="false" long-clickable="false" password="false" scrollable="false" selected="false" bounds="[72,407][1008,945]" displayed="true"&gt;
                          &lt;android.view.View index="0" package="com.apnatime.debug" class="android.view.View" text="" resource-id="com.apnatime.debug:id/row_card_ll_take_picture" checkable="false" checked="false" clickable="true" enabled="true" focusable="true" focused="false" long-clickable="false" password="false" scrollable="false" selected="false" bounds="[72,407][353,945]" displayed="true" /&gt;
                          &lt;android.widget.ImageView index="1" package="com.apnatime.debug" class="android.widget.ImageView" text="" resource-id="com.apnatime.debug:id/row_card_img_profile" checkable="false" checked="false" clickable="true" enabled="true" focusable="true" focused="false" long-clickable="false" password="false" scrollable="false" selected="false" bounds="[72,407][353,945]" displayed="true" /&gt;
                          &lt;android.view.View index="2" package="com.apnatime.debug" class="android.view.View" text="" checkable="false" checked="false" clickable="false" enabled="true" focusable="false" focused="false" long-clickable="false" password="false" scrollable="false" selected="false" bounds="[353,407][1008,945]" displayed="true" /&gt;
                          &lt;android.widget.TextView index="3" package="com.apnatime.debug" class="android.widget.TextView" text="Akshatha" resource-id="com.apnatime.debug:id/row_card_tv_name" checkable="false" checked="false" clickable="false" enabled="true" focusable="false" focused="false" long-clickable="false" password="false" scrollable="false" selected="false" bounds="[359,555][925,615]" displayed="true" /&gt;
                          &lt;android.view.ViewGroup index="4" package="com.apnatime.debug" class="android.view.ViewGroup" text="" resource-id="com.apnatime.debug:id/education_container" checkable="false" checked="false" clickable="false" enabled="true" focusable="false" focused="false" long-clickable="false" password="false" scrollable="false" selected="false" bounds="[761,615][925,659]" displayed="true"&gt;
                            &lt;android.widget.TextView index="0" package="com.apnatime.debug" class="android.widget.TextView" text="Education" resource-id="com.apnatime.debug:id/row_card_tv_education" checkable="false" checked="false" clickable="false" enabled="true" focusable="false" focused="false" long-clickable="false" password="false" scrollable="false" selected="false" bounds="[761,615][925,659]" displayed="true" /&gt;
                          &lt;/android.view.ViewGroup&gt;
                          &lt;android.widget.TextView index="5" package="com.apnatime.debug" class="android.widget.TextView" text="Giri Nagar" resource-id="com.apnatime.debug:id/row_card_tv_location" checkable="false" checked="false" clickable="false" enabled="true" focusable="false" focused="false" long-clickable="false" password="false" scrollable="false" selected="false" bounds="[363,670][925,714]" displayed="true" /&gt;
                          &lt;android.widget.FrameLayout index="6" package="com.apnatime.debug" class="android.widget.FrameLayout" text="" resource-id="com.apnatime.debug:id/frame" checkable="false" checked="false" clickable="false" enabled="true" focusable="false" focused="false" long-clickable="false" password="false" scrollable="false" selected="false" bounds="[353,850][1008,945]" displayed="true"&gt;
                            &lt;android.widget.TextView index="0" package="com.apnatime.debug" class="android.widget.TextView" text="Bengaluru" resource-id="com.apnatime.debug:id/row_card_tv_mobile" checkable="false" checked="false" clickable="false" enabled="true" focusable="false" focused="false" long-clickable="false" password="false" scrollable="false" selected="false" bounds="[692,872][964,923]" displayed="true" /&gt;
                          &lt;/android.widget.FrameLayout&gt;
                        &lt;/android.view.ViewGroup&gt;
                      &lt;/android.widget.FrameLayout&gt;
                    &lt;/android.view.ViewGroup&gt;
                  &lt;/android.widget.LinearLayout&gt;
                  &lt;android.widget.TextView index="3" package="com.apnatime.debug" class="android.widget.TextView" text="Education Details" resource-id="com.apnatime.debug:id/act_education_tv_select_one" checkable="false" checked="false" clickable="false" enabled="true" focusable="false" focused="false" long-clickable="false" password="false" scrollable="false" selected="false" bounds="[72,1048][1008,1114]" displayed="true" /&gt;
                  &lt;android.widget.LinearLayout index="4" package="com.apnatime.debug" class="android.widget.LinearLayout" text="" resource-id="com.apnatime.debug:id/il_education" checkable="false" checked="false" clickable="false" enabled="true" focusable="false" focused="false" long-clickable="false" password="false" scrollable="false" selected="false" bounds="[72,1155][1008,1273]" displayed="true"&gt;
                    &lt;android.widget.FrameLayout index="0" package="com.apnatime.debug" class="android.widget.FrameLayout" text="" checkable="false" checked="false" clickable="false" enabled="true" focusable="false" focused="false" long-clickable="false" password="false" scrollable="false" selected="false" bounds="[72,1170][1008,1273]" displayed="true"&gt;
                      &lt;android.widget.EditText index="0" package="com.apnatime.debug" class="android.widget.EditText" text="Education" resource-id="com.apnatime.debug:id/et_education" checkable="false" checked="false" clickable="true" enabled="true" focusable="false" focused="false" long-clickable="true" password="false" scrollable="false" selected="false" bounds="[72,1170][1008,1273]" displayed="true" /&gt;
                    &lt;/android.widget.FrameLayout&gt;
                  &lt;/android.widget.LinearLayout&gt;
                  &lt;android.widget.TextView index="5" package="com.apnatime.debug" class="android.widget.TextView" text="Provide the current or the highest qualification" resource-id="com.apnatime.debug:id/tv_education_detail_info" checkable="false" checked="false" clickable="false" enabled="true" focusable="false" focused="false" long-clickable="false" password="false" scrollable="false" selected="false" bounds="[72,1301][1008,1345]" displayed="true" /&gt;
                &lt;/android.view.ViewGroup&gt;
              &lt;/android.widget.ScrollView&gt;
              &lt;android.widget.Button index="1" package="com.apnatime.debug" class="android.widget.Button" text="Next" resource-id="com.apnatime.debug:id/act_education_btn_continue" checkable="false" checked="false" clickable="true" enabled="true" focusable="true" focused="false" long-clickable="false" password="false" scrollable="false" selected="false" bounds="[72,1884][1008,2016]" displayed="true" /&gt;
            &lt;/android.view.ViewGroup&gt;
          &lt;/android.widget.FrameLayout&gt;
        &lt;/android.view.ViewGroup&gt;
      &lt;/android.widget.FrameLayout&gt;
    &lt;/android.widget.LinearLayout&gt;
  &lt;/android.widget.FrameLayout&gt;
&lt;/hierarchy&gt;</msg>
<status status="PASS" starttime="20211130 10:08:39.185" endtime="20211130 10:08:39.695"/>
</kw>
<kw name="Click Element At Coordinates" library="AppiumLibrary">
<arg>179</arg>
<arg>1796</arg>
<doc>click element at a certain coordinate</doc>
<msg timestamp="20211130 10:08:39.707" level="INFO">Pressing at (179, 1796).</msg>
<status status="PASS" starttime="20211130 10:08:39.695" endtime="20211130 10:08:40.546"/>
</kw>
<status status="PASS" starttime="20211130 10:08:35.736" endtime="20211130 10:08:40.547"/>
</kw>
<kw name="User Enters Degree Details" library="apna_user_login">
<kw name="Input Text" library="AppiumLibrary">
<arg>${Education_Degree}</arg>
<arg>${Degree}</arg>
<doc>Types the given `text` into text field identified by `locator`.</doc>
<msg timestamp="20211130 10:08:40.554" level="INFO">Typing text 'BTech/BE' into text field 'id=et_degree'</msg>
<status status="PASS" starttime="20211130 10:08:40.548" endtime="20211130 10:08:41.719"/>
</kw>
<kw name="Wait for text on Screen and click Text" library="common">
<arg>${trial}</arg>
<kw name="Wait Until Page Contains" library="AppiumLibrary">
<arg>${text}</arg>
<arg>timeout=20s</arg>
<doc>Waits until `text` appears on current page.</doc>
<status status="PASS" starttime="20211130 10:08:41.721" endtime="20211130 10:08:43.248"/>
</kw>
<kw name="Click Text" library="AppiumLibrary">
<arg>${text}</arg>
<doc>Click text identified by ``text``.</doc>
<status status="PASS" starttime="20211130 10:08:43.248" endtime="20211130 10:08:43.592"/>
</kw>
<status status="PASS" starttime="20211130 10:08:41.719" endtime="20211130 10:08:43.593"/>
</kw>
<status status="PASS" starttime="20211130 10:08:40.547" endtime="20211130 10:08:43.593"/>
</kw>
<kw name="User Enters University Details" library="apna_user_login">
<kw name="Input Text" library="AppiumLibrary">
<arg>${University_Field}</arg>
<arg>${University_Name}</arg>
<doc>Types the given `text` into text field identified by `locator`.</doc>
<msg timestamp="20211130 10:08:43.603" level="INFO">Typing text 'National College, Tiruchirappalli' into text field 'id=et_college'</msg>
<status status="PASS" starttime="20211130 10:08:43.595" endtime="20211130 10:08:45.016"/>
</kw>
<kw name="Wait for text on Screen and click Text" library="common">
<arg>${University_Name}</arg>
<kw name="Wait Until Page Contains" library="AppiumLibrary">
<arg>${text}</arg>
<arg>timeout=20s</arg>
<doc>Waits until `text` appears on current page.</doc>
<status status="PASS" starttime="20211130 10:08:45.018" endtime="20211130 10:08:45.407"/>
</kw>
<kw name="Click Text" library="AppiumLibrary">
<arg>${text}</arg>
<doc>Click text identified by ``text``.</doc>
<status status="PASS" starttime="20211130 10:08:45.408" endtime="20211130 10:08:45.758"/>
</kw>
<status status="PASS" starttime="20211130 10:08:45.017" endtime="20211130 10:08:45.758"/>
</kw>
<kw name="Wait for text on Screen and click Text" library="common">
<arg>${Next}</arg>
<kw name="Wait Until Page Contains" library="AppiumLibrary">
<arg>${text}</arg>
<arg>timeout=20s</arg>
<doc>Waits until `text` appears on current page.</doc>
<status status="PASS" starttime="20211130 10:08:45.759" endtime="20211130 10:08:45.917"/>
</kw>
<kw name="Click Text" library="AppiumLibrary">
<arg>${text}</arg>
<doc>Click text identified by ``text``.</doc>
<status status="PASS" starttime="20211130 10:08:45.918" endtime="20211130 10:08:46.045"/>
</kw>
<status status="PASS" starttime="20211130 10:08:45.758" endtime="20211130 10:08:46.045"/>
</kw>
<status status="PASS" starttime="20211130 10:08:43.594" endtime="20211130 10:08:46.045"/>
</kw>
<doc>User to enter Educational Details</doc>
<status status="PASS" starttime="20211130 10:08:35.735" endtime="20211130 10:08:46.046"/>
</test>
<test id="s1-t6" name="User Category Details">
<kw name="User Enters Job categories" library="apna_user_login">
<kw name="Wait for text on Screen" library="common">
<arg>${Job_Catagory}</arg>
<kw name="Wait Until Page Contains" library="AppiumLibrary">
<arg>${text}</arg>
<arg>timeout=20s</arg>
<doc>Waits until `text` appears on current page.</doc>
<status status="PASS" starttime="20211130 10:08:46.051" endtime="20211130 10:08:49.675"/>
</kw>
<status status="PASS" starttime="20211130 10:08:46.051" endtime="20211130 10:08:49.676"/>
</kw>
<kw name="Click Element" library="AppiumLibrary">
<arg>${Accounts}</arg>
<doc>Click element identified by `locator`.</doc>
<msg timestamp="20211130 10:08:49.680" level="INFO">Clicking element 'id=row_super_category'.</msg>
<status status="PASS" starttime="20211130 10:08:49.676" endtime="20211130 10:08:51.214"/>
</kw>
<kw name="Click Element" library="AppiumLibrary">
<arg>${Done}</arg>
<doc>Click element identified by `locator`.</doc>
<msg timestamp="20211130 10:08:51.224" level="INFO">Clicking element 'id=btn_continue'.</msg>
<status status="PASS" starttime="20211130 10:08:51.214" endtime="20211130 10:08:51.856"/>
</kw>
<status status="PASS" starttime="20211130 10:08:46.050" endtime="20211130 10:08:51.856"/>
</kw>
<kw name="User Added Gallery and See Jobs" library="apna_user_login">
<kw name="Wait for text on Screen and click Text" library="common">
<arg>${Skip}</arg>
<kw name="Wait Until Page Contains" library="AppiumLibrary">
<arg>${text}</arg>
<arg>timeout=20s</arg>
<doc>Waits until `text` appears on current page.</doc>
<status status="PASS" starttime="20211130 10:08:51.859" endtime="20211130 10:08:53.996"/>
</kw>
<kw name="Click Text" library="AppiumLibrary">
<arg>${text}</arg>
<doc>Click text identified by ``text``.</doc>
<status status="PASS" starttime="20211130 10:08:53.996" endtime="20211130 10:08:54.115"/>
</kw>
<status status="PASS" starttime="20211130 10:08:51.858" endtime="20211130 10:08:54.115"/>
</kw>
<kw name="Wait for text on Screen and click Text" library="common">
<arg>${See_Jobs}</arg>
<kw name="Wait Until Page Contains" library="AppiumLibrary">
<arg>${text}</arg>
<arg>timeout=20s</arg>
<doc>Waits until `text` appears on current page.</doc>
<status status="PASS" starttime="20211130 10:08:54.117" endtime="20211130 10:08:57.270"/>
</kw>
<kw name="Click Text" library="AppiumLibrary">
<arg>${text}</arg>
<doc>Click text identified by ``text``.</doc>
<status status="PASS" starttime="20211130 10:08:57.273" endtime="20211130 10:08:57.858"/>
</kw>
<status status="PASS" starttime="20211130 10:08:54.115" endtime="20211130 10:08:57.859"/>
</kw>
<status status="PASS" starttime="20211130 10:08:51.857" endtime="20211130 10:08:57.859"/>
</kw>
<doc>User to specify type of job</doc>
<status status="PASS" starttime="20211130 10:08:46.049" endtime="20211130 10:08:57.860"/>
</test>
<kw name="Close the Apna App" library="apna_user_login" type="TEARDOWN">
<kw name="Close Application" library="AppiumLibrary">
<doc>Closes the current application and also close webdriver session.</doc>
<status status="PASS" starttime="20211130 10:08:57.865" endtime="20211130 10:08:58.458"/>
</kw>
<status status="PASS" starttime="20211130 10:08:57.865" endtime="20211130 10:08:58.458"/>
</kw>
<status status="PASS" starttime="20211130 10:07:26.728" endtime="20211130 10:08:58.459"/>
</suite>
<statistics>
<total>
<stat pass="6" fail="0" skip="0">All Tests</stat>
</total>
<tag>
</tag>
<suite>
<stat pass="6" fail="0" skip="0" id="s1" name="Login">Login</stat>
</suite>
</statistics>
<errors>
</errors>
</robot>
