<?xml version="1.0" encoding="UTF-8"?>
<robot generator="Robot 4.1 (Python 3.9.6 on win32)" generated="20211202 11:07:45.334" rpa="false" schemaversion="2">
<suite id="s1" name="Job Page" source="E:\ApnaApp\TestCase\Job_Page.robot">
<kw name="Launch Apna App" library="apna_job_page" type="SETUP">
<kw name="Open Application" library="AppiumLibrary">
<arg>${Port_Number}</arg>
<arg>platformName=${Platform_Name}</arg>
<arg>deviceName=${Device_Name}</arg>
<arg>app=${App_Path}</arg>
<arg>noReset=true</arg>
<doc>Opens a new application to given Appium server.
Capabilities of appium server, Android and iOS,
Please check https://github.com/appium/appium/blob/master/docs/en/writing-running-appium/server-args.md
| *Option*            | *Man.* | *Description*     |
| remote_url          | Yes    | Appium server url |
| alias               | no     | alias             |</doc>
<status status="PASS" starttime="20211202 11:07:45.746" endtime="20211202 11:08:10.631"/>
</kw>
<status status="PASS" starttime="20211202 11:07:45.745" endtime="20211202 11:08:10.631"/>
</kw>
<test id="s1-t1" name="Check the functionality of search field">
<kw name="Click on search field and apply for job" library="apna_job_page">
<kw name="Wait for text on Screen" library="job_page_common">
<arg>${job_type}</arg>
<kw name="Wait Until Page Contains" library="AppiumLibrary">
<arg>${text}</arg>
<arg>timeout=20s</arg>
<doc>Waits until `text` appears on current page.</doc>
<status status="PASS" starttime="20211202 11:08:10.637" endtime="20211202 11:08:29.987"/>
</kw>
<status status="PASS" starttime="20211202 11:08:10.634" endtime="20211202 11:08:29.987"/>
</kw>
<kw name="Click Element" library="AppiumLibrary">
<arg>${search_feild}</arg>
<doc>Click element identified by `locator`.</doc>
<msg timestamp="20211202 11:08:29.994" level="INFO">Clicking element 'id=etSearchJobs'.</msg>
<status status="PASS" starttime="20211202 11:08:29.987" endtime="20211202 11:08:30.297"/>
</kw>
<kw name="Wait for text on Screen" library="job_page_common">
<arg>${search_name}</arg>
<kw name="Wait Until Page Contains" library="AppiumLibrary">
<arg>${text}</arg>
<arg>timeout=20s</arg>
<doc>Waits until `text` appears on current page.</doc>
<status status="PASS" starttime="20211202 11:08:30.299" endtime="20211202 11:08:32.631"/>
</kw>
<status status="PASS" starttime="20211202 11:08:30.298" endtime="20211202 11:08:32.631"/>
</kw>
<kw name="Input Text" library="AppiumLibrary">
<arg>${search_input}</arg>
<arg>${cook}</arg>
<doc>Types the given `text` into text field identified by `locator`.</doc>
<msg timestamp="20211202 11:08:32.635" level="INFO">Typing text 'cook/chef' into text field 'id=etSearch'</msg>
<status status="PASS" starttime="20211202 11:08:32.631" endtime="20211202 11:08:33.265"/>
</kw>
<kw name="Wait for text on Screen and click Text" library="job_page_common">
<arg>${search_default}</arg>
<kw name="Wait Until Page Contains" library="AppiumLibrary">
<arg>${text}</arg>
<arg>timeout=20s</arg>
<doc>Waits until `text` appears on current page.</doc>
<status status="PASS" starttime="20211202 11:08:33.267" endtime="20211202 11:08:33.481"/>
</kw>
<kw name="Click Text" library="AppiumLibrary">
<arg>${text}</arg>
<doc>Click text identified by ``text``.</doc>
<status status="PASS" starttime="20211202 11:08:33.481" endtime="20211202 11:08:36.211"/>
</kw>
<status status="PASS" starttime="20211202 11:08:33.266" endtime="20211202 11:08:36.211"/>
</kw>
<kw name="Wait Until Page Contains Element" library="AppiumLibrary">
<arg>${job_title}</arg>
<arg>timeout=20s</arg>
<doc>Waits until element specified with `locator` appears on current page.</doc>
<status status="PASS" starttime="20211202 11:08:36.211" endtime="20211202 11:08:39.675"/>
</kw>
<kw name="Element Should Contain Text" library="AppiumLibrary">
<arg>${job_title}</arg>
<arg>${job_title_name}</arg>
<arg>timeout=20s</arg>
<doc>Verifies element identified by ``locator`` contains text ``expected``.</doc>
<msg timestamp="20211202 11:08:39.680" level="INFO">Verifying element 'id=tvJobTitle' contains text 'Cook / Chef'.</msg>
<status status="PASS" starttime="20211202 11:08:39.676" endtime="20211202 11:08:40.188"/>
</kw>
<kw name="Click Element" library="AppiumLibrary">
<arg>${back_button}</arg>
<doc>Click element identified by `locator`.</doc>
<msg timestamp="20211202 11:08:40.194" level="INFO">Clicking element 'id=iv_back'.</msg>
<status status="PASS" starttime="20211202 11:08:40.188" endtime="20211202 11:08:40.374"/>
</kw>
<kw name="Wait for text on Screen" library="job_page_common">
<arg>${search_default}</arg>
<kw name="Wait Until Page Contains" library="AppiumLibrary">
<arg>${text}</arg>
<arg>timeout=20s</arg>
<doc>Waits until `text` appears on current page.</doc>
<status status="PASS" starttime="20211202 11:08:40.376" endtime="20211202 11:08:41.700"/>
</kw>
<status status="PASS" starttime="20211202 11:08:40.375" endtime="20211202 11:08:41.700"/>
</kw>
<kw name="Click Element" library="AppiumLibrary">
<arg>${back_button}</arg>
<doc>Click element identified by `locator`.</doc>
<msg timestamp="20211202 11:08:41.704" level="INFO">Clicking element 'id=iv_back'.</msg>
<status status="PASS" starttime="20211202 11:08:41.700" endtime="20211202 11:08:41.804"/>
</kw>
<status status="PASS" starttime="20211202 11:08:10.633" endtime="20211202 11:08:41.804"/>
</kw>
<tag>Smoke</tag>
<status status="PASS" starttime="20211202 11:08:10.631" endtime="20211202 11:08:41.805"/>
</test>
<status status="PASS" starttime="20211202 11:07:45.338" endtime="20211202 11:08:41.808"/>
</suite>
<statistics>
<total>
<stat pass="1" fail="0" skip="0">All Tests</stat>
</total>
<tag>
<stat pass="1" fail="0" skip="0">Smoke</stat>
</tag>
<suite>
<stat pass="1" fail="0" skip="0" id="s1" name="Job Page">Job Page</stat>
</suite>
</statistics>
<errors>
</errors>
</robot>
